<?xml version="1.0" encoding="UTF-8"?>
<testsuite xmlns:xsi="http://www.w3.org/2001/XMLSchema-instance" xsi:noNamespaceSchemaLocation="https://maven.apache.org/surefire/maven-surefire-plugin/xsd/surefire-test-report-3.0.xsd" version="3.0" name="com.taskmanager.controller.TaskControllerTest" time="6.714" tests="9" errors="0" skipped="0" failures="0">
  <properties>
    <property name="java.specification.version" value="17"/>
    <property name="sun.jnu.encoding" value="UTF-8"/>
    <property name="java.class.path" value="/home/nitesh/22BLC1051/target/test-classes:/home/nitesh/22BLC1051/target/classes:/home/nitesh/.m2/repository/org/springframework/boot/spring-boot-starter-web/2.7.0/spring-boot-starter-web-2.7.0.jar:/home/nitesh/.m2/repository/org/springframework/boot/spring-boot-starter/2.7.0/spring-boot-starter-2.7.0.jar:/home/nitesh/.m2/repository/org/springframework/boot/spring-boot/2.7.0/spring-boot-2.7.0.jar:/home/nitesh/.m2/repository/org/springframework/boot/spring-boot-autoconfigure/2.7.0/spring-boot-autoconfigure-2.7.0.jar:/home/nitesh/.m2/repository/org/springframework/boot/spring-boot-starter-logging/2.7.0/spring-boot-starter-logging-2.7.0.jar:/home/nitesh/.m2/repository/ch/qos/logback/logback-classic/1.2.11/logback-classic-1.2.11.jar:/home/nitesh/.m2/repository/ch/qos/logback/logback-core/1.2.11/logback-core-1.2.11.jar:/home/nitesh/.m2/repository/org/apache/logging/log4j/log4j-to-slf4j/2.17.2/log4j-to-slf4j-2.17.2.jar:/home/nitesh/.m2/repository/org/apache/logging/log4j/log4j-api/2.17.2/log4j-api-2.17.2.jar:/home/nitesh/.m2/repository/org/slf4j/jul-to-slf4j/1.7.36/jul-to-slf4j-1.7.36.jar:/home/nitesh/.m2/repository/jakarta/annotation/jakarta.annotation-api/1.3.5/jakarta.annotation-api-1.3.5.jar:/home/nitesh/.m2/repository/org/yaml/snakeyaml/1.30/snakeyaml-1.30.jar:/home/nitesh/.m2/repository/org/springframework/boot/spring-boot-starter-json/2.7.0/spring-boot-starter-json-2.7.0.jar:/home/nitesh/.m2/repository/com/fasterxml/jackson/core/jackson-databind/2.13.3/jackson-databind-2.13.3.jar:/home/nitesh/.m2/repository/com/fasterxml/jackson/core/jackson-annotations/2.13.3/jackson-annotations-2.13.3.jar:/home/nitesh/.m2/repository/com/fasterxml/jackson/core/jackson-core/2.13.3/jackson-core-2.13.3.jar:/home/nitesh/.m2/repository/com/fasterxml/jackson/datatype/jackson-datatype-jdk8/2.13.3/jackson-datatype-jdk8-2.13.3.jar:/home/nitesh/.m2/repository/com/fasterxml/jackson/datatype/jackson-datatype-jsr310/2.13.3/jackson-datatype-jsr310-2.13.3.jar:/home/nitesh/.m2/repository/com/fasterxml/jackson/module/jackson-module-parameter-names/2.13.3/jackson-module-parameter-names-2.13.3.jar:/home/nitesh/.m2/repository/org/springframework/boot/spring-boot-starter-tomcat/2.7.0/spring-boot-starter-tomcat-2.7.0.jar:/home/nitesh/.m2/repository/org/apache/tomcat/embed/tomcat-embed-core/9.0.63/tomcat-embed-core-9.0.63.jar:/home/nitesh/.m2/repository/org/apache/tomcat/embed/tomcat-embed-websocket/9.0.63/tomcat-embed-websocket-9.0.63.jar:/home/nitesh/.m2/repository/org/springframework/spring-web/5.3.20/spring-web-5.3.20.jar:/home/nitesh/.m2/repository/org/springframework/spring-beans/5.3.20/spring-beans-5.3.20.jar:/home/nitesh/.m2/repository/org/springframework/spring-webmvc/5.3.20/spring-webmvc-5.3.20.jar:/home/nitesh/.m2/repository/org/springframework/spring-aop/5.3.20/spring-aop-5.3.20.jar:/home/nitesh/.m2/repository/org/springframework/spring-context/5.3.20/spring-context-5.3.20.jar:/home/nitesh/.m2/repository/org/springframework/spring-expression/5.3.20/spring-expression-5.3.20.jar:/home/nitesh/.m2/repository/org/springframework/boot/spring-boot-starter-data-jpa/2.7.0/spring-boot-starter-data-jpa-2.7.0.jar:/home/nitesh/.m2/repository/org/springframework/boot/spring-boot-starter-aop/2.7.0/spring-boot-starter-aop-2.7.0.jar:/home/nitesh/.m2/repository/org/aspectj/aspectjweaver/1.9.7/aspectjweaver-1.9.7.jar:/home/nitesh/.m2/repository/org/springframework/boot/spring-boot-starter-jdbc/2.7.0/spring-boot-starter-jdbc-2.7.0.jar:/home/nitesh/.m2/repository/com/zaxxer/HikariCP/4.0.3/HikariCP-4.0.3.jar:/home/nitesh/.m2/repository/org/springframework/spring-jdbc/5.3.20/spring-jdbc-5.3.20.jar:/home/nitesh/.m2/repository/jakarta/transaction/jakarta.transaction-api/1.3.3/jakarta.transaction-api-1.3.3.jar:/home/nitesh/.m2/repository/jakarta/persistence/jakarta.persistence-api/2.2.3/jakarta.persistence-api-2.2.3.jar:/home/nitesh/.m2/repository/org/hibernate/hibernate-core/5.6.9.Final/hibernate-core-5.6.9.Final.jar:/home/nitesh/.m2/repository/org/jboss/logging/jboss-logging/3.4.3.Final/jboss-logging-3.4.3.Final.jar:/home/nitesh/.m2/repository/net/bytebuddy/byte-buddy/1.12.9/byte-buddy-1.12.9.jar:/home/nitesh/.m2/repository/antlr/antlr/2.7.7/antlr-2.7.7.jar:/home/nitesh/.m2/repository/org/jboss/jandex/2.4.2.Final/jandex-2.4.2.Final.jar:/home/nitesh/.m2/repository/com/fasterxml/classmate/1.5.1/classmate-1.5.1.jar:/home/nitesh/.m2/repository/org/hibernate/common/hibernate-commons-annotations/5.1.2.Final/hibernate-commons-annotations-5.1.2.Final.jar:/home/nitesh/.m2/repository/org/springframework/data/spring-data-jpa/2.7.0/spring-data-jpa-2.7.0.jar:/home/nitesh/.m2/repository/org/springframework/data/spring-data-commons/2.7.0/spring-data-commons-2.7.0.jar:/home/nitesh/.m2/repository/org/springframework/spring-orm/5.3.20/spring-orm-5.3.20.jar:/home/nitesh/.m2/repository/org/springframework/spring-tx/5.3.20/spring-tx-5.3.20.jar:/home/nitesh/.m2/repository/org/slf4j/slf4j-api/1.7.32/slf4j-api-1.7.32.jar:/home/nitesh/.m2/repository/org/springframework/spring-aspects/5.3.20/spring-aspects-5.3.20.jar:/home/nitesh/.m2/repository/com/h2database/h2/2.1.214/h2-2.1.214.jar:/home/nitesh/.m2/repository/com/mysql/mysql-connector-j/8.0.33/mysql-connector-j-8.0.33.jar:/home/nitesh/.m2/repository/com/google/protobuf/protobuf-java/3.21.9/protobuf-java-3.21.9.jar:/home/nitesh/.m2/repository/org/springframework/boot/spring-boot-starter-actuator/2.7.0/spring-boot-starter-actuator-2.7.0.jar:/home/nitesh/.m2/repository/org/springframework/boot/spring-boot-actuator-autoconfigure/2.7.0/spring-boot-actuator-autoconfigure-2.7.0.jar:/home/nitesh/.m2/repository/org/springframework/boot/spring-boot-actuator/2.7.0/spring-boot-actuator-2.7.0.jar:/home/nitesh/.m2/repository/io/micrometer/micrometer-core/1.9.0/micrometer-core-1.9.0.jar:/home/nitesh/.m2/repository/org/hdrhistogram/HdrHistogram/2.1.12/HdrHistogram-2.1.12.jar:/home/nitesh/.m2/repository/org/latencyutils/LatencyUtils/2.0.3/LatencyUtils-2.0.3.jar:/home/nitesh/.m2/repository/io/micrometer/micrometer-registry-graphite/1.9.0/micrometer-registry-graphite-1.9.0.jar:/home/nitesh/.m2/repository/io/dropwizard/metrics/metrics-graphite/4.2.9/metrics-graphite-4.2.9.jar:/home/nitesh/.m2/repository/io/dropwizard/metrics/metrics-core/4.2.9/metrics-core-4.2.9.jar:/home/nitesh/.m2/repository/com/rabbitmq/amqp-client/5.14.2/amqp-client-5.14.2.jar:/home/nitesh/.m2/repository/org/springframework/boot/spring-boot-starter-validation/2.7.0/spring-boot-starter-validation-2.7.0.jar:/home/nitesh/.m2/repository/org/apache/tomcat/embed/tomcat-embed-el/9.0.63/tomcat-embed-el-9.0.63.jar:/home/nitesh/.m2/repository/org/hibernate/validator/hibernate-validator/6.2.3.Final/hibernate-validator-6.2.3.Final.jar:/home/nitesh/.m2/repository/jakarta/validation/jakarta.validation-api/2.0.2/jakarta.validation-api-2.0.2.jar:/home/nitesh/.m2/repository/org/junit/jupiter/junit-jupiter/5.8.2/junit-jupiter-5.8.2.jar:/home/nitesh/.m2/repository/org/junit/jupiter/junit-jupiter-api/5.8.2/junit-jupiter-api-5.8.2.jar:/home/nitesh/.m2/repository/org/opentest4j/opentest4j/1.2.0/opentest4j-1.2.0.jar:/home/nitesh/.m2/repository/org/junit/platform/junit-platform-commons/1.8.2/junit-platform-commons-1.8.2.jar:/home/nitesh/.m2/repository/org/apiguardian/apiguardian-api/1.1.2/apiguardian-api-1.1.2.jar:/home/nitesh/.m2/repository/org/junit/jupiter/junit-jupiter-params/5.8.2/junit-jupiter-params-5.8.2.jar:/home/nitesh/.m2/repository/org/junit/jupiter/junit-jupiter-engine/5.8.2/junit-jupiter-engine-5.8.2.jar:/home/nitesh/.m2/repository/org/junit/platform/junit-platform-engine/1.8.2/junit-platform-engine-1.8.2.jar:/home/nitesh/.m2/repository/org/springframework/boot/spring-boot-starter-test/2.7.0/spring-boot-starter-test-2.7.0.jar:/home/nitesh/.m2/repository/org/springframework/boot/spring-boot-test/2.7.0/spring-boot-test-2.7.0.jar:/home/nitesh/.m2/repository/org/springframework/boot/spring-boot-test-autoconfigure/2.7.0/spring-boot-test-autoconfigure-2.7.0.jar:/home/nitesh/.m2/repository/com/jayway/jsonpath/json-path/2.7.0/json-path-2.7.0.jar:/home/nitesh/.m2/repository/net/minidev/json-smart/2.4.7/json-smart-2.4.7.jar:/home/nitesh/.m2/repository/net/minidev/accessors-smart/2.4.7/accessors-smart-2.4.7.jar:/home/nitesh/.m2/repository/org/ow2/asm/asm/9.1/asm-9.1.jar:/home/nitesh/.m2/repository/jakarta/xml/bind/jakarta.xml.bind-api/2.3.3/jakarta.xml.bind-api-2.3.3.jar:/home/nitesh/.m2/repository/jakarta/activation/jakarta.activation-api/1.2.2/jakarta.activation-api-1.2.2.jar:/home/nitesh/.m2/repository/org/assertj/assertj-core/3.22.0/assertj-core-3.22.0.jar:/home/nitesh/.m2/repository/org/hamcrest/hamcrest/2.2/hamcrest-2.2.jar:/home/nitesh/.m2/repository/org/mockito/mockito-core/4.5.1/mockito-core-4.5.1.jar:/home/nitesh/.m2/repository/net/bytebuddy/byte-buddy-agent/1.12.9/byte-buddy-agent-1.12.9.jar:/home/nitesh/.m2/repository/org/objenesis/objenesis/3.2/objenesis-3.2.jar:/home/nitesh/.m2/repository/org/mockito/mockito-junit-jupiter/4.5.1/mockito-junit-jupiter-4.5.1.jar:/home/nitesh/.m2/repository/org/skyscreamer/jsonassert/1.5.0/jsonassert-1.5.0.jar:/home/nitesh/.m2/repository/com/vaadin/external/google/android-json/0.0.20131108.vaadin1/android-json-0.0.20131108.vaadin1.jar:/home/nitesh/.m2/repository/org/springframework/spring-core/5.3.20/spring-core-5.3.20.jar:/home/nitesh/.m2/repository/org/springframework/spring-jcl/5.3.20/spring-jcl-5.3.20.jar:/home/nitesh/.m2/repository/org/springframework/spring-test/5.3.20/spring-test-5.3.20.jar:/home/nitesh/.m2/repository/org/xmlunit/xmlunit-core/2.9.0/xmlunit-core-2.9.0.jar:/home/nitesh/.m2/repository/org/testcontainers/junit-jupiter/1.17.6/junit-jupiter-1.17.6.jar:/home/nitesh/.m2/repository/org/testcontainers/testcontainers/1.17.6/testcontainers-1.17.6.jar:/home/nitesh/.m2/repository/junit/junit/4.13.2/junit-4.13.2.jar:/home/nitesh/.m2/repository/org/hamcrest/hamcrest-core/1.3/hamcrest-core-1.3.jar:/home/nitesh/.m2/repository/org/apache/commons/commons-compress/1.22/commons-compress-1.22.jar:/home/nitesh/.m2/repository/org/rnorth/duct-tape/duct-tape/1.0.8/duct-tape-1.0.8.jar:/home/nitesh/.m2/repository/org/jetbrains/annotations/17.0.0/annotations-17.0.0.jar:/home/nitesh/.m2/repository/com/github/docker-java/docker-java-api/3.2.13/docker-java-api-3.2.13.jar:/home/nitesh/.m2/repository/com/github/docker-java/docker-java-transport-zerodep/3.2.13/docker-java-transport-zerodep-3.2.13.jar:/home/nitesh/.m2/repository/com/github/docker-java/docker-java-transport/3.2.13/docker-java-transport-3.2.13.jar:/home/nitesh/.m2/repository/net/java/dev/jna/jna/5.8.0/jna-5.8.0.jar:/home/nitesh/.m2/repository/org/testcontainers/mysql/1.17.6/mysql-1.17.6.jar:/home/nitesh/.m2/repository/org/testcontainers/jdbc/1.17.6/jdbc-1.17.6.jar:/home/nitesh/.m2/repository/org/testcontainers/database-commons/1.17.6/database-commons-1.17.6.jar:/home/nitesh/.m2/repository/javax/xml/bind/jaxb-api/2.3.1/jaxb-api-2.3.1.jar:/home/nitesh/.m2/repository/javax/activation/javax.activation-api/1.2.0/javax.activation-api-1.2.0.jar:/home/nitesh/.m2/repository/org/glassfish/jaxb/jaxb-runtime/2.3.1/jaxb-runtime-2.3.1.jar:/home/nitesh/.m2/repository/org/glassfish/jaxb/txw2/2.3.1/txw2-2.3.1.jar:/home/nitesh/.m2/repository/com/sun/istack/istack-commons-runtime/3.0.7/istack-commons-runtime-3.0.7.jar:/home/nitesh/.m2/repository/org/jvnet/staxex/stax-ex/1.8/stax-ex-1.8.jar:/home/nitesh/.m2/repository/com/sun/xml/fastinfoset/FastInfoset/1.2.15/FastInfoset-1.2.15.jar:"/>
    <property name="java.vm.vendor" value="Debian"/>
    <property name="sun.arch.data.model" value="64"/>
    <property name="java.vendor.url" value="https://tracker.debian.org/openjdk-17"/>
    <property name="user.timezone" value="Asia/Kolkata"/>
    <property name="os.name" value="Linux"/>
    <property name="java.vm.specification.version" value="17"/>
    <property name="sun.java.launcher" value="SUN_STANDARD"/>
    <property name="user.country" value="IN"/>
    <property name="sun.boot.library.path" value="/usr/lib/jvm/java-17-openjdk-amd64/lib"/>
    <property name="sun.java.command" value="/home/nitesh/22BLC1051/target/surefire/surefirebooter-20250707003932449_3.jar /home/nitesh/22BLC1051/target/surefire 2025-07-07T00-39-32_288-jvmRun1 surefire-20250707003932449_1tmp surefire_0-20250707003932449_2tmp"/>
    <property name="jdk.debug" value="release"/>
    <property name="surefire.test.class.path" value="/home/nitesh/22BLC1051/target/test-classes:/home/nitesh/22BLC1051/target/classes:/home/nitesh/.m2/repository/org/springframework/boot/spring-boot-starter-web/2.7.0/spring-boot-starter-web-2.7.0.jar:/home/nitesh/.m2/repository/org/springframework/boot/spring-boot-starter/2.7.0/spring-boot-starter-2.7.0.jar:/home/nitesh/.m2/repository/org/springframework/boot/spring-boot/2.7.0/spring-boot-2.7.0.jar:/home/nitesh/.m2/repository/org/springframework/boot/spring-boot-autoconfigure/2.7.0/spring-boot-autoconfigure-2.7.0.jar:/home/nitesh/.m2/repository/org/springframework/boot/spring-boot-starter-logging/2.7.0/spring-boot-starter-logging-2.7.0.jar:/home/nitesh/.m2/repository/ch/qos/logback/logback-classic/1.2.11/logback-classic-1.2.11.jar:/home/nitesh/.m2/repository/ch/qos/logback/logback-core/1.2.11/logback-core-1.2.11.jar:/home/nitesh/.m2/repository/org/apache/logging/log4j/log4j-to-slf4j/2.17.2/log4j-to-slf4j-2.17.2.jar:/home/nitesh/.m2/repository/org/apache/logging/log4j/log4j-api/2.17.2/log4j-api-2.17.2.jar:/home/nitesh/.m2/repository/org/slf4j/jul-to-slf4j/1.7.36/jul-to-slf4j-1.7.36.jar:/home/nitesh/.m2/repository/jakarta/annotation/jakarta.annotation-api/1.3.5/jakarta.annotation-api-1.3.5.jar:/home/nitesh/.m2/repository/org/yaml/snakeyaml/1.30/snakeyaml-1.30.jar:/home/nitesh/.m2/repository/org/springframework/boot/spring-boot-starter-json/2.7.0/spring-boot-starter-json-2.7.0.jar:/home/nitesh/.m2/repository/com/fasterxml/jackson/core/jackson-databind/2.13.3/jackson-databind-2.13.3.jar:/home/nitesh/.m2/repository/com/fasterxml/jackson/core/jackson-annotations/2.13.3/jackson-annotations-2.13.3.jar:/home/nitesh/.m2/repository/com/fasterxml/jackson/core/jackson-core/2.13.3/jackson-core-2.13.3.jar:/home/nitesh/.m2/repository/com/fasterxml/jackson/datatype/jackson-datatype-jdk8/2.13.3/jackson-datatype-jdk8-2.13.3.jar:/home/nitesh/.m2/repository/com/fasterxml/jackson/datatype/jackson-datatype-jsr310/2.13.3/jackson-datatype-jsr310-2.13.3.jar:/home/nitesh/.m2/repository/com/fasterxml/jackson/module/jackson-module-parameter-names/2.13.3/jackson-module-parameter-names-2.13.3.jar:/home/nitesh/.m2/repository/org/springframework/boot/spring-boot-starter-tomcat/2.7.0/spring-boot-starter-tomcat-2.7.0.jar:/home/nitesh/.m2/repository/org/apache/tomcat/embed/tomcat-embed-core/9.0.63/tomcat-embed-core-9.0.63.jar:/home/nitesh/.m2/repository/org/apache/tomcat/embed/tomcat-embed-websocket/9.0.63/tomcat-embed-websocket-9.0.63.jar:/home/nitesh/.m2/repository/org/springframework/spring-web/5.3.20/spring-web-5.3.20.jar:/home/nitesh/.m2/repository/org/springframework/spring-beans/5.3.20/spring-beans-5.3.20.jar:/home/nitesh/.m2/repository/org/springframework/spring-webmvc/5.3.20/spring-webmvc-5.3.20.jar:/home/nitesh/.m2/repository/org/springframework/spring-aop/5.3.20/spring-aop-5.3.20.jar:/home/nitesh/.m2/repository/org/springframework/spring-context/5.3.20/spring-context-5.3.20.jar:/home/nitesh/.m2/repository/org/springframework/spring-expression/5.3.20/spring-expression-5.3.20.jar:/home/nitesh/.m2/repository/org/springframework/boot/spring-boot-starter-data-jpa/2.7.0/spring-boot-starter-data-jpa-2.7.0.jar:/home/nitesh/.m2/repository/org/springframework/boot/spring-boot-starter-aop/2.7.0/spring-boot-starter-aop-2.7.0.jar:/home/nitesh/.m2/repository/org/aspectj/aspectjweaver/1.9.7/aspectjweaver-1.9.7.jar:/home/nitesh/.m2/repository/org/springframework/boot/spring-boot-starter-jdbc/2.7.0/spring-boot-starter-jdbc-2.7.0.jar:/home/nitesh/.m2/repository/com/zaxxer/HikariCP/4.0.3/HikariCP-4.0.3.jar:/home/nitesh/.m2/repository/org/springframework/spring-jdbc/5.3.20/spring-jdbc-5.3.20.jar:/home/nitesh/.m2/repository/jakarta/transaction/jakarta.transaction-api/1.3.3/jakarta.transaction-api-1.3.3.jar:/home/nitesh/.m2/repository/jakarta/persistence/jakarta.persistence-api/2.2.3/jakarta.persistence-api-2.2.3.jar:/home/nitesh/.m2/repository/org/hibernate/hibernate-core/5.6.9.Final/hibernate-core-5.6.9.Final.jar:/home/nitesh/.m2/repository/org/jboss/logging/jboss-logging/3.4.3.Final/jboss-logging-3.4.3.Final.jar:/home/nitesh/.m2/repository/net/bytebuddy/byte-buddy/1.12.9/byte-buddy-1.12.9.jar:/home/nitesh/.m2/repository/antlr/antlr/2.7.7/antlr-2.7.7.jar:/home/nitesh/.m2/repository/org/jboss/jandex/2.4.2.Final/jandex-2.4.2.Final.jar:/home/nitesh/.m2/repository/com/fasterxml/classmate/1.5.1/classmate-1.5.1.jar:/home/nitesh/.m2/repository/org/hibernate/common/hibernate-commons-annotations/5.1.2.Final/hibernate-commons-annotations-5.1.2.Final.jar:/home/nitesh/.m2/repository/org/springframework/data/spring-data-jpa/2.7.0/spring-data-jpa-2.7.0.jar:/home/nitesh/.m2/repository/org/springframework/data/spring-data-commons/2.7.0/spring-data-commons-2.7.0.jar:/home/nitesh/.m2/repository/org/springframework/spring-orm/5.3.20/spring-orm-5.3.20.jar:/home/nitesh/.m2/repository/org/springframework/spring-tx/5.3.20/spring-tx-5.3.20.jar:/home/nitesh/.m2/repository/org/slf4j/slf4j-api/1.7.32/slf4j-api-1.7.32.jar:/home/nitesh/.m2/repository/org/springframework/spring-aspects/5.3.20/spring-aspects-5.3.20.jar:/home/nitesh/.m2/repository/com/h2database/h2/2.1.214/h2-2.1.214.jar:/home/nitesh/.m2/repository/com/mysql/mysql-connector-j/8.0.33/mysql-connector-j-8.0.33.jar:/home/nitesh/.m2/repository/com/google/protobuf/protobuf-java/3.21.9/protobuf-java-3.21.9.jar:/home/nitesh/.m2/repository/org/springframework/boot/spring-boot-starter-actuator/2.7.0/spring-boot-starter-actuator-2.7.0.jar:/home/nitesh/.m2/repository/org/springframework/boot/spring-boot-actuator-autoconfigure/2.7.0/spring-boot-actuator-autoconfigure-2.7.0.jar:/home/nitesh/.m2/repository/org/springframework/boot/spring-boot-actuator/2.7.0/spring-boot-actuator-2.7.0.jar:/home/nitesh/.m2/repository/io/micrometer/micrometer-core/1.9.0/micrometer-core-1.9.0.jar:/home/nitesh/.m2/repository/org/hdrhistogram/HdrHistogram/2.1.12/HdrHistogram-2.1.12.jar:/home/nitesh/.m2/repository/org/latencyutils/LatencyUtils/2.0.3/LatencyUtils-2.0.3.jar:/home/nitesh/.m2/repository/io/micrometer/micrometer-registry-graphite/1.9.0/micrometer-registry-graphite-1.9.0.jar:/home/nitesh/.m2/repository/io/dropwizard/metrics/metrics-graphite/4.2.9/metrics-graphite-4.2.9.jar:/home/nitesh/.m2/repository/io/dropwizard/metrics/metrics-core/4.2.9/metrics-core-4.2.9.jar:/home/nitesh/.m2/repository/com/rabbitmq/amqp-client/5.14.2/amqp-client-5.14.2.jar:/home/nitesh/.m2/repository/org/springframework/boot/spring-boot-starter-validation/2.7.0/spring-boot-starter-validation-2.7.0.jar:/home/nitesh/.m2/repository/org/apache/tomcat/embed/tomcat-embed-el/9.0.63/tomcat-embed-el-9.0.63.jar:/home/nitesh/.m2/repository/org/hibernate/validator/hibernate-validator/6.2.3.Final/hibernate-validator-6.2.3.Final.jar:/home/nitesh/.m2/repository/jakarta/validation/jakarta.validation-api/2.0.2/jakarta.validation-api-2.0.2.jar:/home/nitesh/.m2/repository/org/junit/jupiter/junit-jupiter/5.8.2/junit-jupiter-5.8.2.jar:/home/nitesh/.m2/repository/org/junit/jupiter/junit-jupiter-api/5.8.2/junit-jupiter-api-5.8.2.jar:/home/nitesh/.m2/repository/org/opentest4j/opentest4j/1.2.0/opentest4j-1.2.0.jar:/home/nitesh/.m2/repository/org/junit/platform/junit-platform-commons/1.8.2/junit-platform-commons-1.8.2.jar:/home/nitesh/.m2/repository/org/apiguardian/apiguardian-api/1.1.2/apiguardian-api-1.1.2.jar:/home/nitesh/.m2/repository/org/junit/jupiter/junit-jupiter-params/5.8.2/junit-jupiter-params-5.8.2.jar:/home/nitesh/.m2/repository/org/junit/jupiter/junit-jupiter-engine/5.8.2/junit-jupiter-engine-5.8.2.jar:/home/nitesh/.m2/repository/org/junit/platform/junit-platform-engine/1.8.2/junit-platform-engine-1.8.2.jar:/home/nitesh/.m2/repository/org/springframework/boot/spring-boot-starter-test/2.7.0/spring-boot-starter-test-2.7.0.jar:/home/nitesh/.m2/repository/org/springframework/boot/spring-boot-test/2.7.0/spring-boot-test-2.7.0.jar:/home/nitesh/.m2/repository/org/springframework/boot/spring-boot-test-autoconfigure/2.7.0/spring-boot-test-autoconfigure-2.7.0.jar:/home/nitesh/.m2/repository/com/jayway/jsonpath/json-path/2.7.0/json-path-2.7.0.jar:/home/nitesh/.m2/repository/net/minidev/json-smart/2.4.7/json-smart-2.4.7.jar:/home/nitesh/.m2/repository/net/minidev/accessors-smart/2.4.7/accessors-smart-2.4.7.jar:/home/nitesh/.m2/repository/org/ow2/asm/asm/9.1/asm-9.1.jar:/home/nitesh/.m2/repository/jakarta/xml/bind/jakarta.xml.bind-api/2.3.3/jakarta.xml.bind-api-2.3.3.jar:/home/nitesh/.m2/repository/jakarta/activation/jakarta.activation-api/1.2.2/jakarta.activation-api-1.2.2.jar:/home/nitesh/.m2/repository/org/assertj/assertj-core/3.22.0/assertj-core-3.22.0.jar:/home/nitesh/.m2/repository/org/hamcrest/hamcrest/2.2/hamcrest-2.2.jar:/home/nitesh/.m2/repository/org/mockito/mockito-core/4.5.1/mockito-core-4.5.1.jar:/home/nitesh/.m2/repository/net/bytebuddy/byte-buddy-agent/1.12.9/byte-buddy-agent-1.12.9.jar:/home/nitesh/.m2/repository/org/objenesis/objenesis/3.2/objenesis-3.2.jar:/home/nitesh/.m2/repository/org/mockito/mockito-junit-jupiter/4.5.1/mockito-junit-jupiter-4.5.1.jar:/home/nitesh/.m2/repository/org/skyscreamer/jsonassert/1.5.0/jsonassert-1.5.0.jar:/home/nitesh/.m2/repository/com/vaadin/external/google/android-json/0.0.20131108.vaadin1/android-json-0.0.20131108.vaadin1.jar:/home/nitesh/.m2/repository/org/springframework/spring-core/5.3.20/spring-core-5.3.20.jar:/home/nitesh/.m2/repository/org/springframework/spring-jcl/5.3.20/spring-jcl-5.3.20.jar:/home/nitesh/.m2/repository/org/springframework/spring-test/5.3.20/spring-test-5.3.20.jar:/home/nitesh/.m2/repository/org/xmlunit/xmlunit-core/2.9.0/xmlunit-core-2.9.0.jar:/home/nitesh/.m2/repository/org/testcontainers/junit-jupiter/1.17.6/junit-jupiter-1.17.6.jar:/home/nitesh/.m2/repository/org/testcontainers/testcontainers/1.17.6/testcontainers-1.17.6.jar:/home/nitesh/.m2/repository/junit/junit/4.13.2/junit-4.13.2.jar:/home/nitesh/.m2/repository/org/hamcrest/hamcrest-core/1.3/hamcrest-core-1.3.jar:/home/nitesh/.m2/repository/org/apache/commons/commons-compress/1.22/commons-compress-1.22.jar:/home/nitesh/.m2/repository/org/rnorth/duct-tape/duct-tape/1.0.8/duct-tape-1.0.8.jar:/home/nitesh/.m2/repository/org/jetbrains/annotations/17.0.0/annotations-17.0.0.jar:/home/nitesh/.m2/repository/com/github/docker-java/docker-java-api/3.2.13/docker-java-api-3.2.13.jar:/home/nitesh/.m2/repository/com/github/docker-java/docker-java-transport-zerodep/3.2.13/docker-java-transport-zerodep-3.2.13.jar:/home/nitesh/.m2/repository/com/github/docker-java/docker-java-transport/3.2.13/docker-java-transport-3.2.13.jar:/home/nitesh/.m2/repository/net/java/dev/jna/jna/5.8.0/jna-5.8.0.jar:/home/nitesh/.m2/repository/org/testcontainers/mysql/1.17.6/mysql-1.17.6.jar:/home/nitesh/.m2/repository/org/testcontainers/jdbc/1.17.6/jdbc-1.17.6.jar:/home/nitesh/.m2/repository/org/testcontainers/database-commons/1.17.6/database-commons-1.17.6.jar:/home/nitesh/.m2/repository/javax/xml/bind/jaxb-api/2.3.1/jaxb-api-2.3.1.jar:/home/nitesh/.m2/repository/javax/activation/javax.activation-api/1.2.0/javax.activation-api-1.2.0.jar:/home/nitesh/.m2/repository/org/glassfish/jaxb/jaxb-runtime/2.3.1/jaxb-runtime-2.3.1.jar:/home/nitesh/.m2/repository/org/glassfish/jaxb/txw2/2.3.1/txw2-2.3.1.jar:/home/nitesh/.m2/repository/com/sun/istack/istack-commons-runtime/3.0.7/istack-commons-runtime-3.0.7.jar:/home/nitesh/.m2/repository/org/jvnet/staxex/stax-ex/1.8/stax-ex-1.8.jar:/home/nitesh/.m2/repository/com/sun/xml/fastinfoset/FastInfoset/1.2.15/FastInfoset-1.2.15.jar:"/>
    <property name="sun.cpu.endian" value="little"/>
    <property name="user.home" value="/home/nitesh"/>
    <property name="user.language" value="en"/>
    <property name="java.specification.vendor" value="Oracle Corporation"/>
    <property name="java.version.date" value="2025-04-15"/>
    <property name="java.home" value="/usr/lib/jvm/java-17-openjdk-amd64"/>
    <property name="file.separator" value="/"/>
    <property name="basedir" value="/home/nitesh/22BLC1051"/>
    <property name="java.vm.compressedOopsMode" value="Zero based"/>
    <property name="line.separator" value="&#10;"/>
    <property name="java.vm.specification.vendor" value="Oracle Corporation"/>
    <property name="java.specification.name" value="Java Platform API Specification"/>
    <property name="FILE_LOG_CHARSET" value="UTF-8"/>
    <property name="java.awt.headless" value="true"/>
    <property name="surefire.real.class.path" value="/home/nitesh/22BLC1051/target/surefire/surefirebooter-20250707003932449_3.jar"/>
    <property name="sun.management.compiler" value="HotSpot 64-Bit Tiered Compilers"/>
    <property name="java.runtime.version" value="17.0.15+6-Debian-1deb12u1"/>
    <property name="user.name" value="nitesh"/>
    <property name="path.separator" value=":"/>
    <property name="os.version" value="6.1.0-37-amd64"/>
    <property name="java.runtime.name" value="OpenJDK Runtime Environment"/>
    <property name="file.encoding" value="UTF-8"/>
    <property name="spring.beaninfo.ignore" value="true"/>
    <property name="java.vm.name" value="OpenJDK 64-Bit Server VM"/>
    <property name="localRepository" value="/home/nitesh/.m2/repository"/>
    <property name="java.vendor.url.bug" value="https://bugs.debian.org/openjdk-17"/>
    <property name="java.io.tmpdir" value="/tmp"/>
    <property name="com.zaxxer.hikari.pool_number" value="1"/>
    <property name="java.version" value="17.0.15"/>
    <property name="user.dir" value="/home/nitesh/22BLC1051"/>
    <property name="os.arch" value="amd64"/>
    <property name="java.vm.specification.name" value="Java Virtual Machine Specification"/>
    <property name="PID" value="151918"/>
    <property name="CONSOLE_LOG_CHARSET" value="UTF-8"/>
    <property name="native.encoding" value="UTF-8"/>
    <property name="java.library.path" value="/usr/java/packages/lib:/usr/lib/x86_64-linux-gnu/jni:/lib/x86_64-linux-gnu:/usr/lib/x86_64-linux-gnu:/usr/lib/jni:/lib:/usr/lib"/>
    <property name="java.vm.info" value="mixed mode, sharing"/>
    <property name="java.vendor" value="Debian"/>
    <property name="java.vm.version" value="17.0.15+6-Debian-1deb12u1"/>
    <property name="java.specification.maintenance.version" value="1"/>
    <property name="sun.io.unicode.encoding" value="UnicodeLittle"/>
    <property name="java.class.version" value="61.0"/>
  </properties>
  <testcase name="deleteTask_ShouldReturnNoContent" classname="com.taskmanager.controller.TaskControllerTest" time="0.131">
    <system-out><![CDATA[00:39:33.461 [main] DEBUG org.springframework.test.context.BootstrapUtils - Instantiating CacheAwareContextLoaderDelegate from class [org.springframework.test.context.cache.DefaultCacheAwareContextLoaderDelegate]
00:39:33.475 [main] DEBUG org.springframework.test.context.BootstrapUtils - Instantiating BootstrapContext using constructor [public org.springframework.test.context.support.DefaultBootstrapContext(java.lang.Class,org.springframework.test.context.CacheAwareContextLoaderDelegate)]
00:39:33.530 [main] DEBUG org.springframework.test.context.BootstrapUtils - Instantiating TestContextBootstrapper for test class [com.taskmanager.controller.TaskControllerTest] from class [org.springframework.boot.test.context.SpringBootTestContextBootstrapper]
00:39:33.544 [main] INFO org.springframework.boot.test.context.SpringBootTestContextBootstrapper - Neither @ContextConfiguration nor @ContextHierarchy found for test class [com.taskmanager.controller.TaskControllerTest], using SpringBootContextLoader
00:39:33.549 [main] DEBUG org.springframework.test.context.support.AbstractContextLoader - Did not detect default resource location for test class [com.taskmanager.controller.TaskControllerTest]: class path resource [com/taskmanager/controller/TaskControllerTest-context.xml] does not exist
00:39:33.550 [main] DEBUG org.springframework.test.context.support.AbstractContextLoader - Did not detect default resource location for test class [com.taskmanager.controller.TaskControllerTest]: class path resource [com/taskmanager/controller/TaskControllerTestContext.groovy] does not exist
00:39:33.550 [main] INFO org.springframework.test.context.support.AbstractContextLoader - Could not detect default resource locations for test class [com.taskmanager.controller.TaskControllerTest]: no resource found for suffixes {-context.xml, Context.groovy}.
00:39:33.551 [main] INFO org.springframework.test.context.support.AnnotationConfigContextLoaderUtils - Could not detect default configuration classes for test class [com.taskmanager.controller.TaskControllerTest]: TaskControllerTest does not declare any static, non-private, non-final, nested classes annotated with @Configuration.
00:39:33.626 [main] DEBUG org.springframework.test.context.support.ActiveProfilesUtils - Could not find an 'annotation declaring class' for annotation type [org.springframework.test.context.ActiveProfiles] and class [com.taskmanager.controller.TaskControllerTest]
00:39:33.720 [main] DEBUG org.springframework.context.annotation.ClassPathScanningCandidateComponentProvider - Identified candidate component class: file [/home/nitesh/22BLC1051/target/classes/com/taskmanager/TaskManagerApplication.class]
00:39:33.721 [main] INFO org.springframework.boot.test.context.SpringBootTestContextBootstrapper - Found @SpringBootConfiguration com.taskmanager.TaskManagerApplication for test class com.taskmanager.controller.TaskControllerTest
00:39:33.834 [main] DEBUG org.springframework.boot.test.context.SpringBootTestContextBootstrapper - @TestExecutionListeners is not present for class [com.taskmanager.controller.TaskControllerTest]: using defaults.
00:39:33.835 [main] INFO org.springframework.boot.test.context.SpringBootTestContextBootstrapper - Loaded default TestExecutionListener class names from location [META-INF/spring.factories]: [org.springframework.boot.test.mock.mockito.MockitoTestExecutionListener, org.springframework.boot.test.mock.mockito.ResetMocksTestExecutionListener, org.springframework.boot.test.autoconfigure.restdocs.RestDocsTestExecutionListener, org.springframework.boot.test.autoconfigure.web.client.MockRestServiceServerResetTestExecutionListener, org.springframework.boot.test.autoconfigure.web.servlet.MockMvcPrintOnlyOnFailureTestExecutionListener, org.springframework.boot.test.autoconfigure.web.servlet.WebDriverTestExecutionListener, org.springframework.boot.test.autoconfigure.webservices.client.MockWebServiceServerTestExecutionListener, org.springframework.test.context.web.ServletTestExecutionListener, org.springframework.test.context.support.DirtiesContextBeforeModesTestExecutionListener, org.springframework.test.context.event.ApplicationEventsTestExecutionListener, org.springframework.test.context.support.DependencyInjectionTestExecutionListener, org.springframework.test.context.support.DirtiesContextTestExecutionListener, org.springframework.test.context.transaction.TransactionalTestExecutionListener, org.springframework.test.context.jdbc.SqlScriptsTestExecutionListener, org.springframework.test.context.event.EventPublishingTestExecutionListener]
00:39:33.856 [main] INFO org.springframework.boot.test.context.SpringBootTestContextBootstrapper - Using TestExecutionListeners: [org.springframework.test.context.web.ServletTestExecutionListener@6a094db2, org.springframework.test.context.support.DirtiesContextBeforeModesTestExecutionListener@65bdd558, org.springframework.test.context.event.ApplicationEventsTestExecutionListener@1dba4e06, org.springframework.boot.test.mock.mockito.MockitoTestExecutionListener@4beaf6bd, org.springframework.boot.test.autoconfigure.SpringBootDependencyInjectionTestExecutionListener@6b2e46af, org.springframework.test.context.support.DirtiesContextTestExecutionListener@60325987, org.springframework.test.context.transaction.TransactionalTestExecutionListener@2f37f1f9, org.springframework.test.context.jdbc.SqlScriptsTestExecutionListener@3374b5bc, org.springframework.test.context.event.EventPublishingTestExecutionListener@2af69643, org.springframework.boot.test.mock.mockito.ResetMocksTestExecutionListener@587a1cfb, org.springframework.boot.test.autoconfigure.restdocs.RestDocsTestExecutionListener@48528634, org.springframework.boot.test.autoconfigure.web.client.MockRestServiceServerResetTestExecutionListener@5e1d03d7, org.springframework.boot.test.autoconfigure.web.servlet.MockMvcPrintOnlyOnFailureTestExecutionListener@4047d2d9, org.springframework.boot.test.autoconfigure.web.servlet.WebDriverTestExecutionListener@48d293ee, org.springframework.boot.test.autoconfigure.webservices.client.MockWebServiceServerTestExecutionListener@146dcfe6]
00:39:33.861 [main] DEBUG org.springframework.test.context.support.AbstractDirtiesContextTestExecutionListener - Before test class: context [DefaultTestContext@6d1dcdff testClass = TaskControllerTest, testInstance = [null], testMethod = [null], testException = [null], mergedContextConfiguration = [WebMergedContextConfiguration@102ecc22 testClass = TaskControllerTest, locations = '{}', classes = '{class com.taskmanager.TaskManagerApplication}', contextInitializerClasses = '[]', activeProfiles = '{}', propertySourceLocations = '{}', propertySourceProperties = '{org.springframework.boot.test.context.SpringBootTestContextBootstrapper=true}', contextCustomizers = set[[ImportsContextCustomizer@7ff35a3f key = [org.springframework.boot.test.autoconfigure.web.servlet.MockMvcAutoConfiguration, org.springframework.boot.test.autoconfigure.web.servlet.MockMvcWebClientAutoConfiguration, org.springframework.boot.test.autoconfigure.web.servlet.MockMvcWebDriverAutoConfiguration, org.springframework.boot.autoconfigure.security.oauth2.client.servlet.OAuth2ClientAutoConfiguration, org.springframework.boot.autoconfigure.security.oauth2.resource.servlet.OAuth2ResourceServerAutoConfiguration, org.springframework.boot.autoconfigure.security.servlet.SecurityAutoConfiguration, org.springframework.boot.autoconfigure.security.servlet.SecurityFilterAutoConfiguration, org.springframework.boot.autoconfigure.security.servlet.UserDetailsServiceAutoConfiguration, org.springframework.boot.test.autoconfigure.web.servlet.MockMvcSecurityConfiguration, org.springframework.boot.test.autoconfigure.web.reactive.WebTestClientAutoConfiguration]], org.springframework.boot.test.context.filter.ExcludeFilterContextCustomizer@62a8fd44, org.springframework.boot.test.json.DuplicateJsonObjectContextCustomizerFactory$DuplicateJsonObjectContextCustomizer@6b9c69a9, org.springframework.boot.test.mock.mockito.MockitoContextCustomizer@cd91b6a0, org.springframework.boot.test.web.client.TestRestTemplateContextCustomizer@23eee4b8, org.springframework.boot.test.autoconfigure.actuate.metrics.MetricsExportContextCustomizerFactory$DisableMetricExportContextCustomizer@9f6e406, org.springframework.boot.test.autoconfigure.properties.PropertyMappingContextCustomizer@4b3fa0b3, org.springframework.boot.test.autoconfigure.web.servlet.WebDriverContextCustomizerFactory$Customizer@3aefae67, org.springframework.boot.test.context.SpringBootTestArgs@1, org.springframework.boot.test.context.SpringBootTestWebEnvironment@17f62e33], resourceBasePath = 'src/main/webapp', contextLoader = 'org.springframework.boot.test.context.SpringBootContextLoader', parent = [null]], attributes = map['org.springframework.test.context.web.ServletTestExecutionListener.activateListener' -> true]], class annotated with @DirtiesContext [false] with mode [null].

  .   ____          _            __ _ _
 /\\ / ___'_ __ _ _(_)_ __  __ _ \ \ \ \
( ( )\___ | '_ | '_| | '_ \/ _` | \ \ \ \
 \\/  ___)| |_)| | | | | || (_| |  ) ) ) )
  '  |____| .__|_| |_|_| |_\__, | / / / /
 =========|_|==============|___/=/_/_/_/
 :: Spring Boot ::                (v2.7.0)

2025-07-07 00:39:34.279  INFO 151918 --- [           main] c.t.controller.TaskControllerTest        : Starting TaskControllerTest using Java 17.0.15 on debian with PID 151918 (started by nitesh in /home/nitesh/22BLC1051)
2025-07-07 00:39:34.280  INFO 151918 --- [           main] c.t.controller.TaskControllerTest        : No active profile set, falling back to 1 default profile: "default"
2025-07-07 00:39:34.307 DEBUG 151918 --- [           main] o.s.w.c.s.GenericWebApplicationContext   : Refreshing org.springframework.web.context.support.GenericWebApplicationContext@5232e3f1
2025-07-07 00:39:35.390  INFO 151918 --- [           main] .s.d.r.c.RepositoryConfigurationDelegate : Bootstrapping Spring Data JPA repositories in DEFAULT mode.
2025-07-07 00:39:35.433  INFO 151918 --- [           main] .s.d.r.c.RepositoryConfigurationDelegate : Finished Spring Data repository scanning in 35 ms. Found 1 JPA repository interfaces.
2025-07-07 00:39:36.587  INFO 151918 --- [           main] o.hibernate.jpa.internal.util.LogHelper  : HHH000204: Processing PersistenceUnitInfo [name: default]
2025-07-07 00:39:36.644  INFO 151918 --- [           main] org.hibernate.Version                    : HHH000412: Hibernate ORM core version 5.6.9.Final
2025-07-07 00:39:36.683  INFO 151918 --- [           main] o.hibernate.annotations.common.Version   : HCANN000001: Hibernate Commons Annotations {5.1.2.Final}
2025-07-07 00:39:36.842  INFO 151918 --- [           main] com.zaxxer.hikari.HikariDataSource       : HikariPool-1 - Starting...
2025-07-07 00:39:37.176  INFO 151918 --- [           main] com.zaxxer.hikari.HikariDataSource       : HikariPool-1 - Start completed.
2025-07-07 00:39:37.202  INFO 151918 --- [           main] org.hibernate.dialect.Dialect            : HHH000400: Using dialect: org.hibernate.dialect.H2Dialect
2025-07-07 00:39:37.687 DEBUG 151918 --- [           main] org.hibernate.SQL                        : drop table if exists tasks CASCADE 
Hibernate: drop table if exists tasks CASCADE 
2025-07-07 00:39:37.695 DEBUG 151918 --- [           main] org.hibernate.SQL                        : create table tasks (id bigint generated by default as identity, assigned_to varchar(255), created_at timestamp not null, description varchar(500), due_date timestamp, priority varchar(255) not null, status varchar(255) not null, title varchar(255) not null, updated_at timestamp not null, primary key (id))
Hibernate: create table tasks (id bigint generated by default as identity, assigned_to varchar(255), created_at timestamp not null, description varchar(500), due_date timestamp, priority varchar(255) not null, status varchar(255) not null, title varchar(255) not null, updated_at timestamp not null, primary key (id))
2025-07-07 00:39:37.705  INFO 151918 --- [           main] o.h.e.t.j.p.i.JtaPlatformInitiator       : HHH000490: Using JtaPlatform implementation: [org.hibernate.engine.transaction.jta.platform.internal.NoJtaPlatform]
2025-07-07 00:39:37.712  INFO 151918 --- [           main] j.LocalContainerEntityManagerFactoryBean : Initialized JPA EntityManagerFactory for persistence unit 'default'
2025-07-07 00:39:38.218  WARN 151918 --- [           main] JpaBaseConfiguration$JpaWebConfiguration : spring.jpa.open-in-view is enabled by default. Therefore, database queries may be performed during view rendering. Explicitly configure spring.jpa.open-in-view to disable this warning
2025-07-07 00:39:38.460 DEBUG 151918 --- [           main] s.w.s.m.m.a.RequestMappingHandlerAdapter : ControllerAdvice beans: 0 @ModelAttribute, 0 @InitBinder, 1 RequestBodyAdvice, 1 ResponseBodyAdvice
2025-07-07 00:39:38.498  INFO 151918 --- [           main] o.s.b.a.h2.H2ConsoleAutoConfiguration    : H2 console available at '/h2-console'. Database available at 'jdbc:h2:mem:taskdb'
2025-07-07 00:39:38.572 DEBUG 151918 --- [           main] s.w.s.m.m.a.RequestMappingHandlerMapping : 17 mappings in 'requestMappingHandlerMapping'
2025-07-07 00:39:38.605 DEBUG 151918 --- [           main] o.s.w.s.handler.SimpleUrlHandlerMapping  : Patterns [/webjars/**, /**] in 'resourceHandlerMapping'
2025-07-07 00:39:38.618 DEBUG 151918 --- [           main] .m.m.a.ExceptionHandlerExceptionResolver : ControllerAdvice beans: 0 @ExceptionHandler, 1 ResponseBodyAdvice
2025-07-07 00:39:39.459  INFO 151918 --- [           main] o.s.b.t.m.w.SpringBootMockServletContext : Initializing Spring TestDispatcherServlet ''
2025-07-07 00:39:39.459  INFO 151918 --- [           main] o.s.t.web.servlet.TestDispatcherServlet  : Initializing Servlet ''
2025-07-07 00:39:39.468  INFO 151918 --- [           main] o.s.b.a.e.web.EndpointLinksResolver      : Exposing 9 endpoint(s) beneath base path '/actuator'
2025-07-07 00:39:39.488  INFO 151918 --- [           main] o.s.t.web.servlet.TestDispatcherServlet  : Completed initialization in 28 ms
2025-07-07 00:39:39.524  INFO 151918 --- [           main] c.t.controller.TaskControllerTest        : Started TaskControllerTest in 5.62 seconds (JVM running for 7.017)
2025-07-07 00:39:39.638 DEBUG 151918 --- [           main] s.w.s.m.m.a.RequestMappingHandlerMapping : Mapped to com.taskmanager.controller.TaskController#deleteTask(Long)
2025-07-07 00:39:39.657  INFO 151918 --- [           main] c.taskmanager.controller.TaskController  : Received request to delete task with ID: 1
2025-07-07 00:39:39.685 DEBUG 151918 --- [           main] o.s.w.s.m.m.a.HttpEntityMethodProcessor  : Using 'application/json', given [*/*] and supported [application/json, application/*+json, application/json, application/*+json]
2025-07-07 00:39:39.686 DEBUG 151918 --- [           main] o.s.w.s.m.m.a.HttpEntityMethodProcessor  : Nothing to write: null body
]]></system-out>
  </testcase>
  <testcase name="getTasksByStatus_ShouldReturnFilteredTasks" classname="com.taskmanager.controller.TaskControllerTest" time="0.109">
    <system-out><![CDATA[2025-07-07 00:39:39.719 DEBUG 151918 --- [           main] s.w.s.m.m.a.RequestMappingHandlerMapping : Mapped to com.taskmanager.controller.TaskController#getTasksByStatus(TaskStatus)
2025-07-07 00:39:39.721  INFO 151918 --- [           main] c.taskmanager.controller.TaskController  : Received request to get tasks with status: Pending
2025-07-07 00:39:39.727 DEBUG 151918 --- [           main] o.s.w.s.m.m.a.HttpEntityMethodProcessor  : Using 'application/json', given [*/*] and supported [application/json, application/*+json, application/json, application/*+json]
2025-07-07 00:39:39.735 DEBUG 151918 --- [           main] o.s.w.s.m.m.a.HttpEntityMethodProcessor  : Writing [[Task{id=1, title='Test Task', description='Test Description', status=Pending, priority=Medium, crea (truncated)...]
]]></system-out>
  </testcase>
  <testcase name="markTaskAsCompleted_ShouldReturnCompletedTask" classname="com.taskmanager.controller.TaskControllerTest" time="0.013">
    <system-out><![CDATA[2025-07-07 00:39:39.824 DEBUG 151918 --- [           main] s.w.s.m.m.a.RequestMappingHandlerMapping : Mapped to com.taskmanager.controller.TaskController#markTaskAsCompleted(Long)
2025-07-07 00:39:39.825  INFO 151918 --- [           main] c.taskmanager.controller.TaskController  : Received request to mark task as completed: 1
2025-07-07 00:39:39.828 DEBUG 151918 --- [           main] o.s.w.s.m.m.a.HttpEntityMethodProcessor  : Using 'application/json', given [*/*] and supported [application/json, application/*+json, application/json, application/*+json]
2025-07-07 00:39:39.828 DEBUG 151918 --- [           main] o.s.w.s.m.m.a.HttpEntityMethodProcessor  : Writing [Task{id=1, title='Test Task', description='Test Description', status=Completed, priority=Medium, cre (truncated)...]
]]></system-out>
  </testcase>
  <testcase name="healthCheck_ShouldReturnOk" classname="com.taskmanager.controller.TaskControllerTest" time="0.042">
    <system-out><![CDATA[2025-07-07 00:39:39.839 DEBUG 151918 --- [           main] s.w.s.m.m.a.RequestMappingHandlerMapping : Mapped to com.taskmanager.controller.TaskController#health()
2025-07-07 00:39:39.841 DEBUG 151918 --- [           main] o.s.w.s.m.m.a.HttpEntityMethodProcessor  : Using 'text/plain', given [*/*] and supported [text/plain, */*, text/plain, */*, application/json, application/*+json, application/json, application/*+json]
2025-07-07 00:39:39.841 DEBUG 151918 --- [           main] o.s.w.s.m.m.a.HttpEntityMethodProcessor  : Writing ["Task Management API is running!"]
]]></system-out>
  </testcase>
  <testcase name="getTaskById_ShouldReturnNotFound_WhenNotExists" classname="com.taskmanager.controller.TaskControllerTest" time="0.01">
    <system-out><![CDATA[2025-07-07 00:39:39.884 DEBUG 151918 --- [           main] s.w.s.m.m.a.RequestMappingHandlerMapping : Mapped to com.taskmanager.controller.TaskController#getTaskById(Long)
2025-07-07 00:39:39.884  INFO 151918 --- [           main] c.taskmanager.controller.TaskController  : Received request to get task with ID: 999
2025-07-07 00:39:39.885 DEBUG 151918 --- [           main] o.s.w.s.m.m.a.HttpEntityMethodProcessor  : Using 'application/json', given [*/*] and supported [application/json, application/*+json, application/json, application/*+json]
2025-07-07 00:39:39.885 DEBUG 151918 --- [           main] o.s.w.s.m.m.a.HttpEntityMethodProcessor  : Nothing to write: null body
]]></system-out>
  </testcase>
  <testcase name="getAllTasks_ShouldReturnTaskList" classname="com.taskmanager.controller.TaskControllerTest" time="0.008">
    <system-out><![CDATA[2025-07-07 00:39:39.894 DEBUG 151918 --- [           main] s.w.s.m.m.a.RequestMappingHandlerMapping : Mapped to com.taskmanager.controller.TaskController#getAllTasks()
2025-07-07 00:39:39.894  INFO 151918 --- [           main] c.taskmanager.controller.TaskController  : Received request to get all tasks
2025-07-07 00:39:39.895 DEBUG 151918 --- [           main] o.s.w.s.m.m.a.HttpEntityMethodProcessor  : Using 'application/json', given [*/*] and supported [application/json, application/*+json, application/json, application/*+json]
2025-07-07 00:39:39.895 DEBUG 151918 --- [           main] o.s.w.s.m.m.a.HttpEntityMethodProcessor  : Writing [[Task{id=1, title='Test Task', description='Test Description', status=Pending, priority=Medium, crea (truncated)...]
]]></system-out>
  </testcase>
  <testcase name="getTaskById_ShouldReturnTask_WhenExists" classname="com.taskmanager.controller.TaskControllerTest" time="0.008">
    <system-out><![CDATA[2025-07-07 00:39:39.903 DEBUG 151918 --- [           main] s.w.s.m.m.a.RequestMappingHandlerMapping : Mapped to com.taskmanager.controller.TaskController#getTaskById(Long)
2025-07-07 00:39:39.904  INFO 151918 --- [           main] c.taskmanager.controller.TaskController  : Received request to get task with ID: 1
2025-07-07 00:39:39.904 DEBUG 151918 --- [           main] o.s.w.s.m.m.a.HttpEntityMethodProcessor  : Using 'application/json', given [*/*] and supported [application/json, application/*+json, application/json, application/*+json]
2025-07-07 00:39:39.905 DEBUG 151918 --- [           main] o.s.w.s.m.m.a.HttpEntityMethodProcessor  : Writing [Task{id=1, title='Test Task', description='Test Description', status=Pending, priority=Medium, creat (truncated)...]
]]></system-out>
  </testcase>
  <testcase name="updateTask_ShouldReturnUpdatedTask" classname="com.taskmanager.controller.TaskControllerTest" time="0.135">
    <system-out><![CDATA[2025-07-07 00:39:39.919 DEBUG 151918 --- [           main] s.w.s.m.m.a.RequestMappingHandlerMapping : Mapped to com.taskmanager.controller.TaskController#updateTask(Long, Task)
2025-07-07 00:39:39.962 DEBUG 151918 --- [           main] m.m.a.RequestResponseBodyMethodProcessor : Read "application/json;charset=UTF-8" to [Task{id=1, title='Test Task', description='Test Description', status=Pending, priority=Medium, creat (truncated)...]
2025-07-07 00:39:40.041  INFO 151918 --- [           main] c.taskmanager.controller.TaskController  : Received request to update task with ID: 1
2025-07-07 00:39:40.041 DEBUG 151918 --- [           main] o.s.w.s.m.m.a.HttpEntityMethodProcessor  : Using 'application/json', given [*/*] and supported [application/json, application/*+json, application/json, application/*+json]
2025-07-07 00:39:40.042 DEBUG 151918 --- [           main] o.s.w.s.m.m.a.HttpEntityMethodProcessor  : Writing [Task{id=1, title='Test Task', description='Test Description', status=Pending, priority=Medium, creat (truncated)...]
]]></system-out>
  </testcase>
  <testcase name="createTask_ShouldReturnCreatedTask" classname="com.taskmanager.controller.TaskControllerTest" time="0.011">
    <system-out><![CDATA[2025-07-07 00:39:40.052 DEBUG 151918 --- [           main] s.w.s.m.m.a.RequestMappingHandlerMapping : Mapped to com.taskmanager.controller.TaskController#createTask(Task)
2025-07-07 00:39:40.053 DEBUG 151918 --- [           main] m.m.a.RequestResponseBodyMethodProcessor : Read "application/json;charset=UTF-8" to [Task{id=1, title='Test Task', description='Test Description', status=Pending, priority=Medium, creat (truncated)...]
2025-07-07 00:39:40.054  INFO 151918 --- [           main] c.taskmanager.controller.TaskController  : Received request to create task: Test Task
2025-07-07 00:39:40.055 DEBUG 151918 --- [           main] o.s.w.s.m.m.a.HttpEntityMethodProcessor  : Using 'application/json', given [*/*] and supported [application/json, application/*+json, application/json, application/*+json]
2025-07-07 00:39:40.055 DEBUG 151918 --- [           main] o.s.w.s.m.m.a.HttpEntityMethodProcessor  : Writing [Task{id=1, title='Test Task', description='Test Description', status=Pending, priority=Medium, creat (truncated)...]
]]></system-out>
  </testcase>
</testsuite>