<?xml version="1.0" encoding="UTF-8"?>
<testsuite xmlns:xsi="http://www.w3.org/2001/XMLSchema-instance" xsi:noNamespaceSchemaLocation="https://maven.apache.org/surefire/maven-surefire-plugin/xsd/surefire-test-report-3.0.xsd" version="3.0" name="com.taskmanager.service.TaskServiceTest" time="0.21" tests="17" errors="0" skipped="0" failures="0">
  <properties>
    <property name="java.specification.version" value="17"/>
    <property name="sun.jnu.encoding" value="UTF-8"/>
    <property name="java.class.path" value="/home/nitesh/22BLC1051/target/test-classes:/home/nitesh/22BLC1051/target/classes:/home/nitesh/.m2/repository/org/springframework/boot/spring-boot-starter-web/2.7.0/spring-boot-starter-web-2.7.0.jar:/home/nitesh/.m2/repository/org/springframework/boot/spring-boot-starter/2.7.0/spring-boot-starter-2.7.0.jar:/home/nitesh/.m2/repository/org/springframework/boot/spring-boot/2.7.0/spring-boot-2.7.0.jar:/home/nitesh/.m2/repository/org/springframework/boot/spring-boot-autoconfigure/2.7.0/spring-boot-autoconfigure-2.7.0.jar:/home/nitesh/.m2/repository/org/springframework/boot/spring-boot-starter-logging/2.7.0/spring-boot-starter-logging-2.7.0.jar:/home/nitesh/.m2/repository/ch/qos/logback/logback-classic/1.2.11/logback-classic-1.2.11.jar:/home/nitesh/.m2/repository/ch/qos/logback/logback-core/1.2.11/logback-core-1.2.11.jar:/home/nitesh/.m2/repository/org/apache/logging/log4j/log4j-to-slf4j/2.17.2/log4j-to-slf4j-2.17.2.jar:/home/nitesh/.m2/repository/org/apache/logging/log4j/log4j-api/2.17.2/log4j-api-2.17.2.jar:/home/nitesh/.m2/repository/org/slf4j/jul-to-slf4j/1.7.36/jul-to-slf4j-1.7.36.jar:/home/nitesh/.m2/repository/jakarta/annotation/jakarta.annotation-api/1.3.5/jakarta.annotation-api-1.3.5.jar:/home/nitesh/.m2/repository/org/yaml/snakeyaml/1.30/snakeyaml-1.30.jar:/home/nitesh/.m2/repository/org/springframework/boot/spring-boot-starter-json/2.7.0/spring-boot-starter-json-2.7.0.jar:/home/nitesh/.m2/repository/com/fasterxml/jackson/core/jackson-databind/2.13.3/jackson-databind-2.13.3.jar:/home/nitesh/.m2/repository/com/fasterxml/jackson/core/jackson-annotations/2.13.3/jackson-annotations-2.13.3.jar:/home/nitesh/.m2/repository/com/fasterxml/jackson/core/jackson-core/2.13.3/jackson-core-2.13.3.jar:/home/nitesh/.m2/repository/com/fasterxml/jackson/datatype/jackson-datatype-jdk8/2.13.3/jackson-datatype-jdk8-2.13.3.jar:/home/nitesh/.m2/repository/com/fasterxml/jackson/datatype/jackson-datatype-jsr310/2.13.3/jackson-datatype-jsr310-2.13.3.jar:/home/nitesh/.m2/repository/com/fasterxml/jackson/module/jackson-module-parameter-names/2.13.3/jackson-module-parameter-names-2.13.3.jar:/home/nitesh/.m2/repository/org/springframework/boot/spring-boot-starter-tomcat/2.7.0/spring-boot-starter-tomcat-2.7.0.jar:/home/nitesh/.m2/repository/org/apache/tomcat/embed/tomcat-embed-core/9.0.63/tomcat-embed-core-9.0.63.jar:/home/nitesh/.m2/repository/org/apache/tomcat/embed/tomcat-embed-websocket/9.0.63/tomcat-embed-websocket-9.0.63.jar:/home/nitesh/.m2/repository/org/springframework/spring-web/5.3.20/spring-web-5.3.20.jar:/home/nitesh/.m2/repository/org/springframework/spring-beans/5.3.20/spring-beans-5.3.20.jar:/home/nitesh/.m2/repository/org/springframework/spring-webmvc/5.3.20/spring-webmvc-5.3.20.jar:/home/nitesh/.m2/repository/org/springframework/spring-aop/5.3.20/spring-aop-5.3.20.jar:/home/nitesh/.m2/repository/org/springframework/spring-context/5.3.20/spring-context-5.3.20.jar:/home/nitesh/.m2/repository/org/springframework/spring-expression/5.3.20/spring-expression-5.3.20.jar:/home/nitesh/.m2/repository/org/springframework/boot/spring-boot-starter-data-jpa/2.7.0/spring-boot-starter-data-jpa-2.7.0.jar:/home/nitesh/.m2/repository/org/springframework/boot/spring-boot-starter-aop/2.7.0/spring-boot-starter-aop-2.7.0.jar:/home/nitesh/.m2/repository/org/aspectj/aspectjweaver/1.9.7/aspectjweaver-1.9.7.jar:/home/nitesh/.m2/repository/org/springframework/boot/spring-boot-starter-jdbc/2.7.0/spring-boot-starter-jdbc-2.7.0.jar:/home/nitesh/.m2/repository/com/zaxxer/HikariCP/4.0.3/HikariCP-4.0.3.jar:/home/nitesh/.m2/repository/org/springframework/spring-jdbc/5.3.20/spring-jdbc-5.3.20.jar:/home/nitesh/.m2/repository/jakarta/transaction/jakarta.transaction-api/1.3.3/jakarta.transaction-api-1.3.3.jar:/home/nitesh/.m2/repository/jakarta/persistence/jakarta.persistence-api/2.2.3/jakarta.persistence-api-2.2.3.jar:/home/nitesh/.m2/repository/org/hibernate/hibernate-core/5.6.9.Final/hibernate-core-5.6.9.Final.jar:/home/nitesh/.m2/repository/org/jboss/logging/jboss-logging/3.4.3.Final/jboss-logging-3.4.3.Final.jar:/home/nitesh/.m2/repository/net/bytebuddy/byte-buddy/1.12.9/byte-buddy-1.12.9.jar:/home/nitesh/.m2/repository/antlr/antlr/2.7.7/antlr-2.7.7.jar:/home/nitesh/.m2/repository/org/jboss/jandex/2.4.2.Final/jandex-2.4.2.Final.jar:/home/nitesh/.m2/repository/com/fasterxml/classmate/1.5.1/classmate-1.5.1.jar:/home/nitesh/.m2/repository/org/hibernate/common/hibernate-commons-annotations/5.1.2.Final/hibernate-commons-annotations-5.1.2.Final.jar:/home/nitesh/.m2/repository/org/springframework/data/spring-data-jpa/2.7.0/spring-data-jpa-2.7.0.jar:/home/nitesh/.m2/repository/org/springframework/data/spring-data-commons/2.7.0/spring-data-commons-2.7.0.jar:/home/nitesh/.m2/repository/org/springframework/spring-orm/5.3.20/spring-orm-5.3.20.jar:/home/nitesh/.m2/repository/org/springframework/spring-tx/5.3.20/spring-tx-5.3.20.jar:/home/nitesh/.m2/repository/org/slf4j/slf4j-api/1.7.32/slf4j-api-1.7.32.jar:/home/nitesh/.m2/repository/org/springframework/spring-aspects/5.3.20/spring-aspects-5.3.20.jar:/home/nitesh/.m2/repository/com/h2database/h2/2.1.214/h2-2.1.214.jar:/home/nitesh/.m2/repository/com/mysql/mysql-connector-j/8.0.33/mysql-connector-j-8.0.33.jar:/home/nitesh/.m2/repository/com/google/protobuf/protobuf-java/3.21.9/protobuf-java-3.21.9.jar:/home/nitesh/.m2/repository/org/springframework/boot/spring-boot-starter-actuator/2.7.0/spring-boot-starter-actuator-2.7.0.jar:/home/nitesh/.m2/repository/org/springframework/boot/spring-boot-actuator-autoconfigure/2.7.0/spring-boot-actuator-autoconfigure-2.7.0.jar:/home/nitesh/.m2/repository/org/springframework/boot/spring-boot-actuator/2.7.0/spring-boot-actuator-2.7.0.jar:/home/nitesh/.m2/repository/io/micrometer/micrometer-core/1.9.0/micrometer-core-1.9.0.jar:/home/nitesh/.m2/repository/org/hdrhistogram/HdrHistogram/2.1.12/HdrHistogram-2.1.12.jar:/home/nitesh/.m2/repository/org/latencyutils/LatencyUtils/2.0.3/LatencyUtils-2.0.3.jar:/home/nitesh/.m2/repository/io/micrometer/micrometer-registry-graphite/1.9.0/micrometer-registry-graphite-1.9.0.jar:/home/nitesh/.m2/repository/io/dropwizard/metrics/metrics-graphite/4.2.9/metrics-graphite-4.2.9.jar:/home/nitesh/.m2/repository/io/dropwizard/metrics/metrics-core/4.2.9/metrics-core-4.2.9.jar:/home/nitesh/.m2/repository/com/rabbitmq/amqp-client/5.14.2/amqp-client-5.14.2.jar:/home/nitesh/.m2/repository/org/springframework/boot/spring-boot-starter-validation/2.7.0/spring-boot-starter-validation-2.7.0.jar:/home/nitesh/.m2/repository/org/apache/tomcat/embed/tomcat-embed-el/9.0.63/tomcat-embed-el-9.0.63.jar:/home/nitesh/.m2/repository/org/hibernate/validator/hibernate-validator/6.2.3.Final/hibernate-validator-6.2.3.Final.jar:/home/nitesh/.m2/repository/jakarta/validation/jakarta.validation-api/2.0.2/jakarta.validation-api-2.0.2.jar:/home/nitesh/.m2/repository/org/junit/jupiter/junit-jupiter/5.8.2/junit-jupiter-5.8.2.jar:/home/nitesh/.m2/repository/org/junit/jupiter/junit-jupiter-api/5.8.2/junit-jupiter-api-5.8.2.jar:/home/nitesh/.m2/repository/org/opentest4j/opentest4j/1.2.0/opentest4j-1.2.0.jar:/home/nitesh/.m2/repository/org/junit/platform/junit-platform-commons/1.8.2/junit-platform-commons-1.8.2.jar:/home/nitesh/.m2/repository/org/apiguardian/apiguardian-api/1.1.2/apiguardian-api-1.1.2.jar:/home/nitesh/.m2/repository/org/junit/jupiter/junit-jupiter-params/5.8.2/junit-jupiter-params-5.8.2.jar:/home/nitesh/.m2/repository/org/junit/jupiter/junit-jupiter-engine/5.8.2/junit-jupiter-engine-5.8.2.jar:/home/nitesh/.m2/repository/org/junit/platform/junit-platform-engine/1.8.2/junit-platform-engine-1.8.2.jar:/home/nitesh/.m2/repository/org/springframework/boot/spring-boot-starter-test/2.7.0/spring-boot-starter-test-2.7.0.jar:/home/nitesh/.m2/repository/org/springframework/boot/spring-boot-test/2.7.0/spring-boot-test-2.7.0.jar:/home/nitesh/.m2/repository/org/springframework/boot/spring-boot-test-autoconfigure/2.7.0/spring-boot-test-autoconfigure-2.7.0.jar:/home/nitesh/.m2/repository/com/jayway/jsonpath/json-path/2.7.0/json-path-2.7.0.jar:/home/nitesh/.m2/repository/net/minidev/json-smart/2.4.7/json-smart-2.4.7.jar:/home/nitesh/.m2/repository/net/minidev/accessors-smart/2.4.7/accessors-smart-2.4.7.jar:/home/nitesh/.m2/repository/org/ow2/asm/asm/9.1/asm-9.1.jar:/home/nitesh/.m2/repository/jakarta/xml/bind/jakarta.xml.bind-api/2.3.3/jakarta.xml.bind-api-2.3.3.jar:/home/nitesh/.m2/repository/jakarta/activation/jakarta.activation-api/1.2.2/jakarta.activation-api-1.2.2.jar:/home/nitesh/.m2/repository/org/assertj/assertj-core/3.22.0/assertj-core-3.22.0.jar:/home/nitesh/.m2/repository/org/hamcrest/hamcrest/2.2/hamcrest-2.2.jar:/home/nitesh/.m2/repository/org/mockito/mockito-core/4.5.1/mockito-core-4.5.1.jar:/home/nitesh/.m2/repository/net/bytebuddy/byte-buddy-agent/1.12.9/byte-buddy-agent-1.12.9.jar:/home/nitesh/.m2/repository/org/objenesis/objenesis/3.2/objenesis-3.2.jar:/home/nitesh/.m2/repository/org/mockito/mockito-junit-jupiter/4.5.1/mockito-junit-jupiter-4.5.1.jar:/home/nitesh/.m2/repository/org/skyscreamer/jsonassert/1.5.0/jsonassert-1.5.0.jar:/home/nitesh/.m2/repository/com/vaadin/external/google/android-json/0.0.20131108.vaadin1/android-json-0.0.20131108.vaadin1.jar:/home/nitesh/.m2/repository/org/springframework/spring-core/5.3.20/spring-core-5.3.20.jar:/home/nitesh/.m2/repository/org/springframework/spring-jcl/5.3.20/spring-jcl-5.3.20.jar:/home/nitesh/.m2/repository/org/springframework/spring-test/5.3.20/spring-test-5.3.20.jar:/home/nitesh/.m2/repository/org/xmlunit/xmlunit-core/2.9.0/xmlunit-core-2.9.0.jar:/home/nitesh/.m2/repository/org/testcontainers/junit-jupiter/1.17.6/junit-jupiter-1.17.6.jar:/home/nitesh/.m2/repository/org/testcontainers/testcontainers/1.17.6/testcontainers-1.17.6.jar:/home/nitesh/.m2/repository/junit/junit/4.13.2/junit-4.13.2.jar:/home/nitesh/.m2/repository/org/hamcrest/hamcrest-core/1.3/hamcrest-core-1.3.jar:/home/nitesh/.m2/repository/org/apache/commons/commons-compress/1.22/commons-compress-1.22.jar:/home/nitesh/.m2/repository/org/rnorth/duct-tape/duct-tape/1.0.8/duct-tape-1.0.8.jar:/home/nitesh/.m2/repository/org/jetbrains/annotations/17.0.0/annotations-17.0.0.jar:/home/nitesh/.m2/repository/com/github/docker-java/docker-java-api/3.2.13/docker-java-api-3.2.13.jar:/home/nitesh/.m2/repository/com/github/docker-java/docker-java-transport-zerodep/3.2.13/docker-java-transport-zerodep-3.2.13.jar:/home/nitesh/.m2/repository/com/github/docker-java/docker-java-transport/3.2.13/docker-java-transport-3.2.13.jar:/home/nitesh/.m2/repository/net/java/dev/jna/jna/5.8.0/jna-5.8.0.jar:/home/nitesh/.m2/repository/org/testcontainers/mysql/1.17.6/mysql-1.17.6.jar:/home/nitesh/.m2/repository/org/testcontainers/jdbc/1.17.6/jdbc-1.17.6.jar:/home/nitesh/.m2/repository/org/testcontainers/database-commons/1.17.6/database-commons-1.17.6.jar:/home/nitesh/.m2/repository/javax/xml/bind/jaxb-api/2.3.1/jaxb-api-2.3.1.jar:/home/nitesh/.m2/repository/javax/activation/javax.activation-api/1.2.0/javax.activation-api-1.2.0.jar:/home/nitesh/.m2/repository/org/glassfish/jaxb/jaxb-runtime/2.3.1/jaxb-runtime-2.3.1.jar:/home/nitesh/.m2/repository/org/glassfish/jaxb/txw2/2.3.1/txw2-2.3.1.jar:/home/nitesh/.m2/repository/com/sun/istack/istack-commons-runtime/3.0.7/istack-commons-runtime-3.0.7.jar:/home/nitesh/.m2/repository/org/jvnet/staxex/stax-ex/1.8/stax-ex-1.8.jar:/home/nitesh/.m2/repository/com/sun/xml/fastinfoset/FastInfoset/1.2.15/FastInfoset-1.2.15.jar:"/>
    <property name="java.vm.vendor" value="Debian"/>
    <property name="sun.arch.data.model" value="64"/>
    <property name="java.vendor.url" value="https://tracker.debian.org/openjdk-17"/>
    <property name="user.timezone" value="Asia/Kolkata"/>
    <property name="os.name" value="Linux"/>
    <property name="java.vm.specification.version" value="17"/>
    <property name="sun.java.launcher" value="SUN_STANDARD"/>
    <property name="user.country" value="IN"/>
    <property name="sun.boot.library.path" value="/usr/lib/jvm/java-17-openjdk-amd64/lib"/>
    <property name="sun.java.command" value="/home/nitesh/22BLC1051/target/surefire/surefirebooter-20250707003932449_3.jar /home/nitesh/22BLC1051/target/surefire 2025-07-07T00-39-32_288-jvmRun1 surefire-20250707003932449_1tmp surefire_0-20250707003932449_2tmp"/>
    <property name="jdk.debug" value="release"/>
    <property name="surefire.test.class.path" value="/home/nitesh/22BLC1051/target/test-classes:/home/nitesh/22BLC1051/target/classes:/home/nitesh/.m2/repository/org/springframework/boot/spring-boot-starter-web/2.7.0/spring-boot-starter-web-2.7.0.jar:/home/nitesh/.m2/repository/org/springframework/boot/spring-boot-starter/2.7.0/spring-boot-starter-2.7.0.jar:/home/nitesh/.m2/repository/org/springframework/boot/spring-boot/2.7.0/spring-boot-2.7.0.jar:/home/nitesh/.m2/repository/org/springframework/boot/spring-boot-autoconfigure/2.7.0/spring-boot-autoconfigure-2.7.0.jar:/home/nitesh/.m2/repository/org/springframework/boot/spring-boot-starter-logging/2.7.0/spring-boot-starter-logging-2.7.0.jar:/home/nitesh/.m2/repository/ch/qos/logback/logback-classic/1.2.11/logback-classic-1.2.11.jar:/home/nitesh/.m2/repository/ch/qos/logback/logback-core/1.2.11/logback-core-1.2.11.jar:/home/nitesh/.m2/repository/org/apache/logging/log4j/log4j-to-slf4j/2.17.2/log4j-to-slf4j-2.17.2.jar:/home/nitesh/.m2/repository/org/apache/logging/log4j/log4j-api/2.17.2/log4j-api-2.17.2.jar:/home/nitesh/.m2/repository/org/slf4j/jul-to-slf4j/1.7.36/jul-to-slf4j-1.7.36.jar:/home/nitesh/.m2/repository/jakarta/annotation/jakarta.annotation-api/1.3.5/jakarta.annotation-api-1.3.5.jar:/home/nitesh/.m2/repository/org/yaml/snakeyaml/1.30/snakeyaml-1.30.jar:/home/nitesh/.m2/repository/org/springframework/boot/spring-boot-starter-json/2.7.0/spring-boot-starter-json-2.7.0.jar:/home/nitesh/.m2/repository/com/fasterxml/jackson/core/jackson-databind/2.13.3/jackson-databind-2.13.3.jar:/home/nitesh/.m2/repository/com/fasterxml/jackson/core/jackson-annotations/2.13.3/jackson-annotations-2.13.3.jar:/home/nitesh/.m2/repository/com/fasterxml/jackson/core/jackson-core/2.13.3/jackson-core-2.13.3.jar:/home/nitesh/.m2/repository/com/fasterxml/jackson/datatype/jackson-datatype-jdk8/2.13.3/jackson-datatype-jdk8-2.13.3.jar:/home/nitesh/.m2/repository/com/fasterxml/jackson/datatype/jackson-datatype-jsr310/2.13.3/jackson-datatype-jsr310-2.13.3.jar:/home/nitesh/.m2/repository/com/fasterxml/jackson/module/jackson-module-parameter-names/2.13.3/jackson-module-parameter-names-2.13.3.jar:/home/nitesh/.m2/repository/org/springframework/boot/spring-boot-starter-tomcat/2.7.0/spring-boot-starter-tomcat-2.7.0.jar:/home/nitesh/.m2/repository/org/apache/tomcat/embed/tomcat-embed-core/9.0.63/tomcat-embed-core-9.0.63.jar:/home/nitesh/.m2/repository/org/apache/tomcat/embed/tomcat-embed-websocket/9.0.63/tomcat-embed-websocket-9.0.63.jar:/home/nitesh/.m2/repository/org/springframework/spring-web/5.3.20/spring-web-5.3.20.jar:/home/nitesh/.m2/repository/org/springframework/spring-beans/5.3.20/spring-beans-5.3.20.jar:/home/nitesh/.m2/repository/org/springframework/spring-webmvc/5.3.20/spring-webmvc-5.3.20.jar:/home/nitesh/.m2/repository/org/springframework/spring-aop/5.3.20/spring-aop-5.3.20.jar:/home/nitesh/.m2/repository/org/springframework/spring-context/5.3.20/spring-context-5.3.20.jar:/home/nitesh/.m2/repository/org/springframework/spring-expression/5.3.20/spring-expression-5.3.20.jar:/home/nitesh/.m2/repository/org/springframework/boot/spring-boot-starter-data-jpa/2.7.0/spring-boot-starter-data-jpa-2.7.0.jar:/home/nitesh/.m2/repository/org/springframework/boot/spring-boot-starter-aop/2.7.0/spring-boot-starter-aop-2.7.0.jar:/home/nitesh/.m2/repository/org/aspectj/aspectjweaver/1.9.7/aspectjweaver-1.9.7.jar:/home/nitesh/.m2/repository/org/springframework/boot/spring-boot-starter-jdbc/2.7.0/spring-boot-starter-jdbc-2.7.0.jar:/home/nitesh/.m2/repository/com/zaxxer/HikariCP/4.0.3/HikariCP-4.0.3.jar:/home/nitesh/.m2/repository/org/springframework/spring-jdbc/5.3.20/spring-jdbc-5.3.20.jar:/home/nitesh/.m2/repository/jakarta/transaction/jakarta.transaction-api/1.3.3/jakarta.transaction-api-1.3.3.jar:/home/nitesh/.m2/repository/jakarta/persistence/jakarta.persistence-api/2.2.3/jakarta.persistence-api-2.2.3.jar:/home/nitesh/.m2/repository/org/hibernate/hibernate-core/5.6.9.Final/hibernate-core-5.6.9.Final.jar:/home/nitesh/.m2/repository/org/jboss/logging/jboss-logging/3.4.3.Final/jboss-logging-3.4.3.Final.jar:/home/nitesh/.m2/repository/net/bytebuddy/byte-buddy/1.12.9/byte-buddy-1.12.9.jar:/home/nitesh/.m2/repository/antlr/antlr/2.7.7/antlr-2.7.7.jar:/home/nitesh/.m2/repository/org/jboss/jandex/2.4.2.Final/jandex-2.4.2.Final.jar:/home/nitesh/.m2/repository/com/fasterxml/classmate/1.5.1/classmate-1.5.1.jar:/home/nitesh/.m2/repository/org/hibernate/common/hibernate-commons-annotations/5.1.2.Final/hibernate-commons-annotations-5.1.2.Final.jar:/home/nitesh/.m2/repository/org/springframework/data/spring-data-jpa/2.7.0/spring-data-jpa-2.7.0.jar:/home/nitesh/.m2/repository/org/springframework/data/spring-data-commons/2.7.0/spring-data-commons-2.7.0.jar:/home/nitesh/.m2/repository/org/springframework/spring-orm/5.3.20/spring-orm-5.3.20.jar:/home/nitesh/.m2/repository/org/springframework/spring-tx/5.3.20/spring-tx-5.3.20.jar:/home/nitesh/.m2/repository/org/slf4j/slf4j-api/1.7.32/slf4j-api-1.7.32.jar:/home/nitesh/.m2/repository/org/springframework/spring-aspects/5.3.20/spring-aspects-5.3.20.jar:/home/nitesh/.m2/repository/com/h2database/h2/2.1.214/h2-2.1.214.jar:/home/nitesh/.m2/repository/com/mysql/mysql-connector-j/8.0.33/mysql-connector-j-8.0.33.jar:/home/nitesh/.m2/repository/com/google/protobuf/protobuf-java/3.21.9/protobuf-java-3.21.9.jar:/home/nitesh/.m2/repository/org/springframework/boot/spring-boot-starter-actuator/2.7.0/spring-boot-starter-actuator-2.7.0.jar:/home/nitesh/.m2/repository/org/springframework/boot/spring-boot-actuator-autoconfigure/2.7.0/spring-boot-actuator-autoconfigure-2.7.0.jar:/home/nitesh/.m2/repository/org/springframework/boot/spring-boot-actuator/2.7.0/spring-boot-actuator-2.7.0.jar:/home/nitesh/.m2/repository/io/micrometer/micrometer-core/1.9.0/micrometer-core-1.9.0.jar:/home/nitesh/.m2/repository/org/hdrhistogram/HdrHistogram/2.1.12/HdrHistogram-2.1.12.jar:/home/nitesh/.m2/repository/org/latencyutils/LatencyUtils/2.0.3/LatencyUtils-2.0.3.jar:/home/nitesh/.m2/repository/io/micrometer/micrometer-registry-graphite/1.9.0/micrometer-registry-graphite-1.9.0.jar:/home/nitesh/.m2/repository/io/dropwizard/metrics/metrics-graphite/4.2.9/metrics-graphite-4.2.9.jar:/home/nitesh/.m2/repository/io/dropwizard/metrics/metrics-core/4.2.9/metrics-core-4.2.9.jar:/home/nitesh/.m2/repository/com/rabbitmq/amqp-client/5.14.2/amqp-client-5.14.2.jar:/home/nitesh/.m2/repository/org/springframework/boot/spring-boot-starter-validation/2.7.0/spring-boot-starter-validation-2.7.0.jar:/home/nitesh/.m2/repository/org/apache/tomcat/embed/tomcat-embed-el/9.0.63/tomcat-embed-el-9.0.63.jar:/home/nitesh/.m2/repository/org/hibernate/validator/hibernate-validator/6.2.3.Final/hibernate-validator-6.2.3.Final.jar:/home/nitesh/.m2/repository/jakarta/validation/jakarta.validation-api/2.0.2/jakarta.validation-api-2.0.2.jar:/home/nitesh/.m2/repository/org/junit/jupiter/junit-jupiter/5.8.2/junit-jupiter-5.8.2.jar:/home/nitesh/.m2/repository/org/junit/jupiter/junit-jupiter-api/5.8.2/junit-jupiter-api-5.8.2.jar:/home/nitesh/.m2/repository/org/opentest4j/opentest4j/1.2.0/opentest4j-1.2.0.jar:/home/nitesh/.m2/repository/org/junit/platform/junit-platform-commons/1.8.2/junit-platform-commons-1.8.2.jar:/home/nitesh/.m2/repository/org/apiguardian/apiguardian-api/1.1.2/apiguardian-api-1.1.2.jar:/home/nitesh/.m2/repository/org/junit/jupiter/junit-jupiter-params/5.8.2/junit-jupiter-params-5.8.2.jar:/home/nitesh/.m2/repository/org/junit/jupiter/junit-jupiter-engine/5.8.2/junit-jupiter-engine-5.8.2.jar:/home/nitesh/.m2/repository/org/junit/platform/junit-platform-engine/1.8.2/junit-platform-engine-1.8.2.jar:/home/nitesh/.m2/repository/org/springframework/boot/spring-boot-starter-test/2.7.0/spring-boot-starter-test-2.7.0.jar:/home/nitesh/.m2/repository/org/springframework/boot/spring-boot-test/2.7.0/spring-boot-test-2.7.0.jar:/home/nitesh/.m2/repository/org/springframework/boot/spring-boot-test-autoconfigure/2.7.0/spring-boot-test-autoconfigure-2.7.0.jar:/home/nitesh/.m2/repository/com/jayway/jsonpath/json-path/2.7.0/json-path-2.7.0.jar:/home/nitesh/.m2/repository/net/minidev/json-smart/2.4.7/json-smart-2.4.7.jar:/home/nitesh/.m2/repository/net/minidev/accessors-smart/2.4.7/accessors-smart-2.4.7.jar:/home/nitesh/.m2/repository/org/ow2/asm/asm/9.1/asm-9.1.jar:/home/nitesh/.m2/repository/jakarta/xml/bind/jakarta.xml.bind-api/2.3.3/jakarta.xml.bind-api-2.3.3.jar:/home/nitesh/.m2/repository/jakarta/activation/jakarta.activation-api/1.2.2/jakarta.activation-api-1.2.2.jar:/home/nitesh/.m2/repository/org/assertj/assertj-core/3.22.0/assertj-core-3.22.0.jar:/home/nitesh/.m2/repository/org/hamcrest/hamcrest/2.2/hamcrest-2.2.jar:/home/nitesh/.m2/repository/org/mockito/mockito-core/4.5.1/mockito-core-4.5.1.jar:/home/nitesh/.m2/repository/net/bytebuddy/byte-buddy-agent/1.12.9/byte-buddy-agent-1.12.9.jar:/home/nitesh/.m2/repository/org/objenesis/objenesis/3.2/objenesis-3.2.jar:/home/nitesh/.m2/repository/org/mockito/mockito-junit-jupiter/4.5.1/mockito-junit-jupiter-4.5.1.jar:/home/nitesh/.m2/repository/org/skyscreamer/jsonassert/1.5.0/jsonassert-1.5.0.jar:/home/nitesh/.m2/repository/com/vaadin/external/google/android-json/0.0.20131108.vaadin1/android-json-0.0.20131108.vaadin1.jar:/home/nitesh/.m2/repository/org/springframework/spring-core/5.3.20/spring-core-5.3.20.jar:/home/nitesh/.m2/repository/org/springframework/spring-jcl/5.3.20/spring-jcl-5.3.20.jar:/home/nitesh/.m2/repository/org/springframework/spring-test/5.3.20/spring-test-5.3.20.jar:/home/nitesh/.m2/repository/org/xmlunit/xmlunit-core/2.9.0/xmlunit-core-2.9.0.jar:/home/nitesh/.m2/repository/org/testcontainers/junit-jupiter/1.17.6/junit-jupiter-1.17.6.jar:/home/nitesh/.m2/repository/org/testcontainers/testcontainers/1.17.6/testcontainers-1.17.6.jar:/home/nitesh/.m2/repository/junit/junit/4.13.2/junit-4.13.2.jar:/home/nitesh/.m2/repository/org/hamcrest/hamcrest-core/1.3/hamcrest-core-1.3.jar:/home/nitesh/.m2/repository/org/apache/commons/commons-compress/1.22/commons-compress-1.22.jar:/home/nitesh/.m2/repository/org/rnorth/duct-tape/duct-tape/1.0.8/duct-tape-1.0.8.jar:/home/nitesh/.m2/repository/org/jetbrains/annotations/17.0.0/annotations-17.0.0.jar:/home/nitesh/.m2/repository/com/github/docker-java/docker-java-api/3.2.13/docker-java-api-3.2.13.jar:/home/nitesh/.m2/repository/com/github/docker-java/docker-java-transport-zerodep/3.2.13/docker-java-transport-zerodep-3.2.13.jar:/home/nitesh/.m2/repository/com/github/docker-java/docker-java-transport/3.2.13/docker-java-transport-3.2.13.jar:/home/nitesh/.m2/repository/net/java/dev/jna/jna/5.8.0/jna-5.8.0.jar:/home/nitesh/.m2/repository/org/testcontainers/mysql/1.17.6/mysql-1.17.6.jar:/home/nitesh/.m2/repository/org/testcontainers/jdbc/1.17.6/jdbc-1.17.6.jar:/home/nitesh/.m2/repository/org/testcontainers/database-commons/1.17.6/database-commons-1.17.6.jar:/home/nitesh/.m2/repository/javax/xml/bind/jaxb-api/2.3.1/jaxb-api-2.3.1.jar:/home/nitesh/.m2/repository/javax/activation/javax.activation-api/1.2.0/javax.activation-api-1.2.0.jar:/home/nitesh/.m2/repository/org/glassfish/jaxb/jaxb-runtime/2.3.1/jaxb-runtime-2.3.1.jar:/home/nitesh/.m2/repository/org/glassfish/jaxb/txw2/2.3.1/txw2-2.3.1.jar:/home/nitesh/.m2/repository/com/sun/istack/istack-commons-runtime/3.0.7/istack-commons-runtime-3.0.7.jar:/home/nitesh/.m2/repository/org/jvnet/staxex/stax-ex/1.8/stax-ex-1.8.jar:/home/nitesh/.m2/repository/com/sun/xml/fastinfoset/FastInfoset/1.2.15/FastInfoset-1.2.15.jar:"/>
    <property name="sun.cpu.endian" value="little"/>
    <property name="user.home" value="/home/nitesh"/>
    <property name="user.language" value="en"/>
    <property name="java.specification.vendor" value="Oracle Corporation"/>
    <property name="java.version.date" value="2025-04-15"/>
    <property name="java.home" value="/usr/lib/jvm/java-17-openjdk-amd64"/>
    <property name="file.separator" value="/"/>
    <property name="basedir" value="/home/nitesh/22BLC1051"/>
    <property name="java.vm.compressedOopsMode" value="Zero based"/>
    <property name="line.separator" value="&#10;"/>
    <property name="java.vm.specification.vendor" value="Oracle Corporation"/>
    <property name="java.specification.name" value="Java Platform API Specification"/>
    <property name="FILE_LOG_CHARSET" value="UTF-8"/>
    <property name="java.awt.headless" value="true"/>
    <property name="surefire.real.class.path" value="/home/nitesh/22BLC1051/target/surefire/surefirebooter-20250707003932449_3.jar"/>
    <property name="sun.management.compiler" value="HotSpot 64-Bit Tiered Compilers"/>
    <property name="java.runtime.version" value="17.0.15+6-Debian-1deb12u1"/>
    <property name="user.name" value="nitesh"/>
    <property name="path.separator" value=":"/>
    <property name="os.version" value="6.1.0-37-amd64"/>
    <property name="java.runtime.name" value="OpenJDK Runtime Environment"/>
    <property name="file.encoding" value="UTF-8"/>
    <property name="spring.beaninfo.ignore" value="true"/>
    <property name="java.vm.name" value="OpenJDK 64-Bit Server VM"/>
    <property name="localRepository" value="/home/nitesh/.m2/repository"/>
    <property name="java.vendor.url.bug" value="https://bugs.debian.org/openjdk-17"/>
    <property name="java.io.tmpdir" value="/tmp"/>
    <property name="com.zaxxer.hikari.pool_number" value="1"/>
    <property name="java.version" value="17.0.15"/>
    <property name="user.dir" value="/home/nitesh/22BLC1051"/>
    <property name="os.arch" value="amd64"/>
    <property name="java.vm.specification.name" value="Java Virtual Machine Specification"/>
    <property name="PID" value="151918"/>
    <property name="CONSOLE_LOG_CHARSET" value="UTF-8"/>
    <property name="native.encoding" value="UTF-8"/>
    <property name="java.library.path" value="/usr/java/packages/lib:/usr/lib/x86_64-linux-gnu/jni:/lib/x86_64-linux-gnu:/usr/lib/x86_64-linux-gnu:/usr/lib/jni:/lib:/usr/lib"/>
    <property name="java.vm.info" value="mixed mode, sharing"/>
    <property name="java.vendor" value="Debian"/>
    <property name="java.vm.version" value="17.0.15+6-Debian-1deb12u1"/>
    <property name="java.specification.maintenance.version" value="1"/>
    <property name="sun.io.unicode.encoding" value="UnicodeLittle"/>
    <property name="java.class.version" value="61.0"/>
  </properties>
  <testcase name="searchTasksByDescription_ShouldReturnMatchingTasks" classname="com.taskmanager.service.TaskServiceTest" time="0.152">
    <system-out><![CDATA[2025-07-07 00:39:40.208  INFO 151918 --- [           main] com.taskmanager.service.TaskService      : Searching tasks by description keyword: description
]]></system-out>
  </testcase>
  <testcase name="markTaskAsCompleted_ShouldThrowException_WhenTaskDoesNotExist" classname="com.taskmanager.service.TaskServiceTest" time="0.004">
    <system-out><![CDATA[2025-07-07 00:39:40.226  INFO 151918 --- [           main] com.taskmanager.service.TaskService      : Marking task as completed: 999
2025-07-07 00:39:40.226 ERROR 151918 --- [           main] com.taskmanager.service.TaskService      : Task not found with ID: 999
]]></system-out>
  </testcase>
  <testcase name="getTaskById_ShouldReturnEmpty_WhenTaskDoesNotExist" classname="com.taskmanager.service.TaskServiceTest" time="0.003">
    <system-out><![CDATA[2025-07-07 00:39:40.230  INFO 151918 --- [           main] com.taskmanager.service.TaskService      : Retrieving task with ID: 999
]]></system-out>
  </testcase>
  <testcase name="updateTask_ShouldReturnUpdatedTask_WhenTaskExists" classname="com.taskmanager.service.TaskServiceTest" time="0.004">
    <system-out><![CDATA[2025-07-07 00:39:40.233  INFO 151918 --- [           main] com.taskmanager.service.TaskService      : Updating task with ID: 1
2025-07-07 00:39:40.234  INFO 151918 --- [           main] com.taskmanager.service.TaskService      : Task updated successfully: 1
]]></system-out>
  </testcase>
  <testcase name="getTasksByStatus_ShouldReturnFilteredTasks" classname="com.taskmanager.service.TaskServiceTest" time="0.004">
    <system-out><![CDATA[2025-07-07 00:39:40.237  INFO 151918 --- [           main] com.taskmanager.service.TaskService      : Retrieving tasks with status: Pending
]]></system-out>
  </testcase>
  <testcase name="getTasksByAssignedTo_ShouldReturnFilteredTasks" classname="com.taskmanager.service.TaskServiceTest" time="0.003">
    <system-out><![CDATA[2025-07-07 00:39:40.241  INFO 151918 --- [           main] com.taskmanager.service.TaskService      : Retrieving tasks assigned to: john.doe
]]></system-out>
  </testcase>
  <testcase name="deleteTask_ShouldThrowException_WhenTaskDoesNotExist" classname="com.taskmanager.service.TaskServiceTest" time="0.003">
    <system-out><![CDATA[2025-07-07 00:39:40.245  INFO 151918 --- [           main] com.taskmanager.service.TaskService      : Deleting task with ID: 999
2025-07-07 00:39:40.245 ERROR 151918 --- [           main] com.taskmanager.service.TaskService      : Task not found with ID: 999
]]></system-out>
  </testcase>
  <testcase name="getTaskStatistics_ShouldReturnCorrectCounts" classname="com.taskmanager.service.TaskServiceTest" time="0.003">
    <system-out><![CDATA[2025-07-07 00:39:40.249  INFO 151918 --- [           main] com.taskmanager.service.TaskService      : Retrieving task statistics
]]></system-out>
  </testcase>
  <testcase name="getTasksByPriority_ShouldReturnFilteredTasks" classname="com.taskmanager.service.TaskServiceTest" time="0.002">
    <system-out><![CDATA[2025-07-07 00:39:40.251  INFO 151918 --- [           main] com.taskmanager.service.TaskService      : Retrieving tasks with priority: High
]]></system-out>
  </testcase>
  <testcase name="deleteTask_ShouldDeleteTask_WhenTaskExists" classname="com.taskmanager.service.TaskServiceTest" time="0.002">
    <system-out><![CDATA[2025-07-07 00:39:40.253  INFO 151918 --- [           main] com.taskmanager.service.TaskService      : Deleting task with ID: 1
2025-07-07 00:39:40.254  INFO 151918 --- [           main] com.taskmanager.service.TaskService      : Task deleted successfully: 1
]]></system-out>
  </testcase>
  <testcase name="createTask_ShouldReturnSavedTask" classname="com.taskmanager.service.TaskServiceTest" time="0.002">
    <system-out><![CDATA[2025-07-07 00:39:40.256  INFO 151918 --- [           main] com.taskmanager.service.TaskService      : Creating new task: New Task
2025-07-07 00:39:40.256  INFO 151918 --- [           main] com.taskmanager.service.TaskService      : Task created successfully with ID: 1
]]></system-out>
  </testcase>
  <testcase name="searchTasksByTitle_ShouldReturnMatchingTasks" classname="com.taskmanager.service.TaskServiceTest" time="0.002">
    <system-out><![CDATA[2025-07-07 00:39:40.259  INFO 151918 --- [           main] com.taskmanager.service.TaskService      : Searching tasks by title keyword: test
]]></system-out>
  </testcase>
  <testcase name="updateTask_ShouldThrowException_WhenTaskDoesNotExist" classname="com.taskmanager.service.TaskServiceTest" time="0.003">
    <system-out><![CDATA[2025-07-07 00:39:40.262  INFO 151918 --- [           main] com.taskmanager.service.TaskService      : Updating task with ID: 999
2025-07-07 00:39:40.263 ERROR 151918 --- [           main] com.taskmanager.service.TaskService      : Task not found with ID: 999
]]></system-out>
  </testcase>
  <testcase name="createTask_ShouldSetDefaultValues" classname="com.taskmanager.service.TaskServiceTest" time="0.002">
    <system-out><![CDATA[2025-07-07 00:39:40.265  INFO 151918 --- [           main] com.taskmanager.service.TaskService      : Creating new task: New Task
2025-07-07 00:39:40.266  INFO 151918 --- [           main] com.taskmanager.service.TaskService      : Task created successfully with ID: 1
]]></system-out>
  </testcase>
  <testcase name="getTaskById_ShouldReturnTask_WhenTaskExists" classname="com.taskmanager.service.TaskServiceTest" time="0.002">
    <system-out><![CDATA[2025-07-07 00:39:40.268  INFO 151918 --- [           main] com.taskmanager.service.TaskService      : Retrieving task with ID: 1
]]></system-out>
  </testcase>
  <testcase name="markTaskAsCompleted_ShouldUpdateTaskStatus_WhenTaskExists" classname="com.taskmanager.service.TaskServiceTest" time="0.003">
    <system-out><![CDATA[2025-07-07 00:39:40.272  INFO 151918 --- [           main] com.taskmanager.service.TaskService      : Marking task as completed: 1
2025-07-07 00:39:40.272  INFO 151918 --- [           main] com.taskmanager.service.TaskService      : Task marked as completed: 1
]]></system-out>
  </testcase>
  <testcase name="getAllTasks_ShouldReturnListOfTasks" classname="com.taskmanager.service.TaskServiceTest" time="0.003">
    <system-out><![CDATA[2025-07-07 00:39:40.276  INFO 151918 --- [           main] com.taskmanager.service.TaskService      : Retrieving all tasks
]]></system-out>
  </testcase>
</testsuite>